<?xml version="1.0" encoding="UTF-8"?>
<testng-results skipped="0" failed="0" ignored="0" total="4" passed="4">
  <reporter-output>
  </reporter-output>
  <suite name="Suite" duration-ms="70949" started-at="2017-06-21T21:44:34Z" finished-at="2017-06-21T21:45:44Z">
    <groups>
    </groups>
    <test name="Validating User login" duration-ms="37184" started-at="2017-06-21T21:44:34Z" finished-at="2017-06-21T21:45:11Z">
      <class name="Academy.HomePage">
        <test-method status="PASS" signature="initialize()[pri:0, instance:Academy.HomePage@2b4bac49]" name="initialize" is-config="true" duration-ms="9838" started-at="2017-06-21T17:44:34Z" finished-at="2017-06-21T17:44:43Z">
          <reporter-output>
          </reporter-output>
        </test-method> <!-- initialize -->
        <test-method status="PASS" signature="basePageNavigation(java.lang.String, java.lang.String, java.lang.String)[pri:0, instance:Academy.HomePage@2b4bac49]" name="basePageNavigation" duration-ms="20953" started-at="2017-06-21T17:44:43Z" data-provider="getData" finished-at="2017-06-21T17:45:04Z">
          <params>
            <param index="0">
              <value>
                <![CDATA[nonrestricteduser@qw.com]]>
              </value>
            </param>
            <param index="1">
              <value>
                <![CDATA[123456]]>
              </value>
            </param>
            <param index="2">
              <value>
                <![CDATA[Restrcited User]]>
              </value>
            </param>
          </params>
          <reporter-output>
          </reporter-output>
        </test-method> <!-- basePageNavigation -->
        <test-method status="PASS" signature="basePageNavigation(java.lang.String, java.lang.String, java.lang.String)[pri:0, instance:Academy.HomePage@2b4bac49]" name="basePageNavigation" duration-ms="6057" started-at="2017-06-21T17:45:04Z" data-provider="getData" finished-at="2017-06-21T17:45:10Z">
          <params>
            <param index="0">
              <value>
                <![CDATA[restricteduser@qw.com]]>
              </value>
            </param>
            <param index="1">
              <value>
                <![CDATA[456788]]>
              </value>
            </param>
            <param index="2">
              <value>
                <![CDATA[Non restricted user]]>
              </value>
            </param>
          </params>
          <reporter-output>
          </reporter-output>
        </test-method> <!-- basePageNavigation -->
        <test-method status="PASS" signature="teardown()[pri:0, instance:Academy.HomePage@2b4bac49]" name="teardown" is-config="true" duration-ms="291" started-at="2017-06-21T17:45:10Z" finished-at="2017-06-21T17:45:11Z">
          <reporter-output>
          </reporter-output>
        </test-method> <!-- teardown -->
      </class> <!-- Academy.HomePage -->
    </test> <!-- Validating User login -->
    <test name="Validating title in the Page" duration-ms="19146" started-at="2017-06-21T21:45:11Z" finished-at="2017-06-21T21:45:30Z">
      <class name="Academy.validateTitle">
        <test-method status="PASS" signature="initialize()[pri:0, instance:Academy.validateTitle@157853da]" name="initialize" is-config="true" duration-ms="18703" started-at="2017-06-21T17:45:11Z" finished-at="2017-06-21T17:45:30Z">
          <reporter-output>
          </reporter-output>
        </test-method> <!-- initialize -->
        <test-method status="PASS" signature="basePageNavigation()[pri:0, instance:Academy.validateTitle@157853da]" name="basePageNavigation" duration-ms="127" started-at="2017-06-21T17:45:30Z" finished-at="2017-06-21T17:45:30Z">
          <reporter-output>
          </reporter-output>
        </test-method> <!-- basePageNavigation -->
        <test-method status="PASS" signature="teardown()[pri:0, instance:Academy.validateTitle@157853da]" name="teardown" is-config="true" duration-ms="307" started-at="2017-06-21T17:45:30Z" finished-at="2017-06-21T17:45:30Z">
          <reporter-output>
          </reporter-output>
        </test-method> <!-- teardown -->
      </class> <!-- Academy.validateTitle -->
    </test> <!-- Validating title in the Page -->
    <test name="App Testing" duration-ms="1" started-at="2017-06-21T21:45:30Z" finished-at="2017-06-21T21:45:30Z">
    </test> <!-- App Testing -->
    <test name="Validating navigation Bar" duration-ms="14471" started-at="2017-06-21T21:45:30Z" finished-at="2017-06-21T21:45:44Z">
      <class name="Academy.validateNavigationBar">
        <test-method status="PASS" signature="initialize()[pri:0, instance:Academy.validateNavigationBar@1f760b47]" name="initialize" is-config="true" duration-ms="14158" started-at="2017-06-21T17:45:30Z" finished-at="2017-06-21T17:45:44Z">
          <reporter-output>
          </reporter-output>
        </test-method> <!-- initialize -->
        <test-method status="PASS" signature="basePageNavigation()[pri:0, instance:Academy.validateNavigationBar@1f760b47]" name="basePageNavigation" duration-ms="98" started-at="2017-06-21T17:45:44Z" finished-at="2017-06-21T17:45:44Z">
          <reporter-output>
          </reporter-output>
        </test-method> <!-- basePageNavigation -->
        <test-method status="PASS" signature="teardown()[pri:0, instance:Academy.validateNavigationBar@1f760b47]" name="teardown" is-config="true" duration-ms="212" started-at="2017-06-21T17:45:44Z" finished-at="2017-06-21T17:45:44Z">
          <reporter-output>
          </reporter-output>
        </test-method> <!-- teardown -->
      </class> <!-- Academy.validateNavigationBar -->
    </test> <!-- Validating navigation Bar -->
  </suite> <!-- Suite -->
</testng-results>
