<?xml version="1.0" encoding="UTF-8"?>
<testng-results skipped="0" failed="0" ignored="9" total="10" passed="1">
  <reporter-output>
  </reporter-output>
  <suite name="Default suite" duration-ms="108203" started-at="2017-09-13T15:54:50Z" finished-at="2017-09-13T15:56:38Z">
    <groups>
    </groups>
    <test name="Default test" duration-ms="108203" started-at="2017-09-13T15:54:50Z" finished-at="2017-09-13T15:56:38Z">
      <class name="TestSuites.AddMember">
        <test-method status="PASS" signature="init()[pri:0, instance:TestSuites.AddMember@d278d2b]" name="init" is-config="true" duration-ms="5010" started-at="2017-09-13T10:54:50Z" finished-at="2017-09-13T10:54:55Z">
          <reporter-output>
          </reporter-output>
        </test-method> <!-- init -->
        <test-method status="PASS" signature="init()[pri:0, instance:TestSuites.AddRemoveMember@488d1cd7]" name="init" is-config="true" duration-ms="5003" started-at="2017-09-13T10:54:55Z" finished-at="2017-09-13T10:55:00Z">
          <reporter-output>
          </reporter-output>
        </test-method> <!-- init -->
        <test-method status="PASS" signature="init()[pri:0, instance:TestSuites.CaptureScreenshot@2d6c53fc]" name="init" is-config="true" duration-ms="5004" started-at="2017-09-13T10:55:00Z" finished-at="2017-09-13T10:55:05Z">
          <reporter-output>
          </reporter-output>
        </test-method> <!-- init -->
        <test-method status="PASS" signature="init()[pri:0, instance:TestSuites.FriendAndFamilyList@6d07a63d]" name="init" is-config="true" duration-ms="5007" started-at="2017-09-13T10:55:05Z" finished-at="2017-09-13T10:55:10Z">
          <reporter-output>
          </reporter-output>
        </test-method> <!-- init -->
        <test-method status="PASS" signature="initialize()[pri:0, instance:TestSuites.HomePage@479ceda0]" name="initialize" is-config="true" duration-ms="1" started-at="2017-09-13T10:55:10Z" finished-at="2017-09-13T10:55:10Z">
          <reporter-output>
          </reporter-output>
        </test-method> <!-- initialize -->
        <test-method status="PASS" signature="init()[pri:0, instance:TestSuites.ICJQuickSearch@20435c40]" name="init" is-config="true" duration-ms="5007" started-at="2017-09-13T10:55:10Z" finished-at="2017-09-13T10:55:15Z">
          <reporter-output>
          </reporter-output>
        </test-method> <!-- init -->
        <test-method status="PASS" signature="init()[pri:0, instance:TestSuites.LobbyLoginOnQPortfolio@68dc098b]" name="init" is-config="true" duration-ms="5003" started-at="2017-09-13T10:55:15Z" finished-at="2017-09-13T10:55:20Z">
          <reporter-output>
          </reporter-output>
        </test-method> <!-- init -->
        <test-method status="PASS" signature="init()[pri:0, instance:TestSuites.Register@573906eb]" name="init" is-config="true" duration-ms="5004" started-at="2017-09-13T10:55:20Z" finished-at="2017-09-13T10:55:25Z">
          <reporter-output>
          </reporter-output>
        </test-method> <!-- init -->
        <test-method status="PASS" signature="init()[pri:0, instance:TestSuites.RemoveMember@225129c]" name="init" is-config="true" duration-ms="5004" started-at="2017-09-13T10:55:25Z" finished-at="2017-09-13T10:55:30Z">
          <reporter-output>
          </reporter-output>
        </test-method> <!-- init -->
        <test-method status="PASS" signature="init()[pri:0, instance:TestSuites.VerifyElements@571c5681]" name="init" is-config="true" duration-ms="5004" started-at="2017-09-13T10:55:30Z" finished-at="2017-09-13T10:55:35Z">
          <reporter-output>
          </reporter-output>
        </test-method> <!-- init -->
        <test-method status="PASS" signature="init()[pri:0, instance:TestSuites.VerifyLogout@38ba6ce3]" name="init" is-config="true" duration-ms="5004" started-at="2017-09-13T10:55:35Z" finished-at="2017-09-13T10:55:40Z">
          <reporter-output>
          </reporter-output>
        </test-method> <!-- init -->
        <test-method status="PASS" signature="endReport()[pri:0, instance:TestSuites.AddMember@d278d2b]" name="endReport" is-config="true" duration-ms="183" started-at="2017-09-13T10:56:38Z" finished-at="2017-09-13T10:56:38Z">
          <reporter-output>
          </reporter-output>
        </test-method> <!-- endReport -->
        <test-method status="PASS" signature="endReport()[pri:0, instance:TestSuites.AddRemoveMember@488d1cd7]" name="endReport" is-config="true" duration-ms="36" started-at="2017-09-13T10:56:38Z" finished-at="2017-09-13T10:56:38Z">
          <reporter-output>
          </reporter-output>
        </test-method> <!-- endReport -->
        <test-method status="PASS" signature="endReport()[pri:0, instance:TestSuites.CaptureScreenshot@2d6c53fc]" name="endReport" is-config="true" duration-ms="38" started-at="2017-09-13T10:56:38Z" finished-at="2017-09-13T10:56:38Z">
          <reporter-output>
          </reporter-output>
        </test-method> <!-- endReport -->
        <test-method status="PASS" signature="endReport()[pri:0, instance:TestSuites.FriendAndFamilyList@6d07a63d]" name="endReport" is-config="true" duration-ms="36" started-at="2017-09-13T10:56:38Z" finished-at="2017-09-13T10:56:38Z">
          <reporter-output>
          </reporter-output>
        </test-method> <!-- endReport -->
        <test-method status="PASS" signature="teardown()[pri:0, instance:TestSuites.HomePage@479ceda0]" name="teardown" is-config="true" duration-ms="28" started-at="2017-09-13T10:56:38Z" finished-at="2017-09-13T10:56:38Z">
          <reporter-output>
          </reporter-output>
        </test-method> <!-- teardown -->
        <test-method status="PASS" signature="endReport()[pri:0, instance:TestSuites.ICJQuickSearch@20435c40]" name="endReport" is-config="true" duration-ms="38" started-at="2017-09-13T10:56:38Z" finished-at="2017-09-13T10:56:38Z">
          <reporter-output>
          </reporter-output>
        </test-method> <!-- endReport -->
        <test-method status="PASS" signature="endReport()[pri:0, instance:TestSuites.LobbyLoginOnQPortfolio@68dc098b]" name="endReport" is-config="true" duration-ms="27" started-at="2017-09-13T10:56:38Z" finished-at="2017-09-13T10:56:38Z">
          <reporter-output>
          </reporter-output>
        </test-method> <!-- endReport -->
        <test-method status="PASS" signature="endReport()[pri:0, instance:TestSuites.Register@573906eb]" name="endReport" is-config="true" duration-ms="27" started-at="2017-09-13T10:56:38Z" finished-at="2017-09-13T10:56:38Z">
          <reporter-output>
          </reporter-output>
        </test-method> <!-- endReport -->
        <test-method status="PASS" signature="endReport()[pri:0, instance:TestSuites.RemoveMember@225129c]" name="endReport" is-config="true" duration-ms="28" started-at="2017-09-13T10:56:38Z" finished-at="2017-09-13T10:56:38Z">
          <reporter-output>
          </reporter-output>
        </test-method> <!-- endReport -->
        <test-method status="PASS" signature="endReport()[pri:0, instance:TestSuites.VerifyElements@571c5681]" name="endReport" is-config="true" duration-ms="28" started-at="2017-09-13T10:56:38Z" finished-at="2017-09-13T10:56:38Z">
          <reporter-output>
          </reporter-output>
        </test-method> <!-- endReport -->
        <test-method status="PASS" signature="endReport()[pri:0, instance:TestSuites.VerifyLogout@38ba6ce3]" name="endReport" is-config="true" duration-ms="31" started-at="2017-09-13T10:56:38Z" finished-at="2017-09-13T10:56:38Z">
          <reporter-output>
          </reporter-output>
        </test-method> <!-- endReport -->
      </class> <!-- TestSuites.AddMember -->
      <class name="TestSuites.ICJQuickSearch">
        <test-method status="PASS" signature="icjApplicationLoginAndVerifyQuickSearch()[pri:0, instance:TestSuites.ICJQuickSearch@20435c40]" name="icjApplicationLoginAndVerifyQuickSearch" duration-ms="57635" started-at="2017-09-13T10:55:40Z" finished-at="2017-09-13T10:56:38Z">
          <reporter-output>
          </reporter-output>
        </test-method> <!-- icjApplicationLoginAndVerifyQuickSearch -->
        <test-method status="PASS" signature="getResult(org.testng.ITestResult)[pri:0, instance:TestSuites.ICJQuickSearch@20435c40]" name="getResult" is-config="true" duration-ms="3" started-at="2017-09-13T10:56:38Z" finished-at="2017-09-13T10:56:38Z">
          <params>
            <param index="0">
              <value>
                <![CDATA[[TestResult name=icjApplicationLoginAndVerifyQuickSearch status=SUCCESS method=ICJQuickSearch.icjApplicationLoginAndVerifyQuickSearch()[pri:0, instance:TestSuites.ICJQuickSearch@20435c40] output={null}]]]>
              </value>
            </param>
          </params>
          <reporter-output>
          </reporter-output>
        </test-method> <!-- getResult -->
      </class> <!-- TestSuites.ICJQuickSearch -->
    </test> <!-- Default test -->
  </suite> <!-- Default suite -->
</testng-results>
