<?xml version="1.0" encoding="UTF-8"?>
<testng-results skipped="0" failed="1" ignored="11" total="13" passed="1">
  <reporter-output>
  </reporter-output>
  <suite name="Default suite" duration-ms="133986" started-at="2017-09-22T19:29:47Z" finished-at="2017-09-22T19:32:01Z">
    <groups>
    </groups>
    <test name="Default test" duration-ms="133986" started-at="2017-09-22T19:29:47Z" finished-at="2017-09-22T19:32:01Z">
      <class name="TestSuites.AddMember">
        <test-method status="PASS" signature="init()[pri:0, instance:TestSuites.AddMember@54eb2b70]" name="init" is-config="true" duration-ms="5012" started-at="2017-09-22T14:29:47Z" finished-at="2017-09-22T14:29:52Z">
          <reporter-output>
          </reporter-output>
        </test-method> <!-- init -->
        <test-method status="PASS" signature="init()[pri:0, instance:TestSuites.AddRemoveMember@37e4d7bb]" name="init" is-config="true" duration-ms="5008" started-at="2017-09-22T14:29:52Z" finished-at="2017-09-22T14:29:57Z">
          <reporter-output>
          </reporter-output>
        </test-method> <!-- init -->
        <test-method status="PASS" signature="init()[pri:0, instance:TestSuites.CaptureScreenshot@45a37759]" name="init" is-config="true" duration-ms="5012" started-at="2017-09-22T14:29:57Z" finished-at="2017-09-22T14:30:02Z">
          <reporter-output>
          </reporter-output>
        </test-method> <!-- init -->
        <test-method status="PASS" signature="init()[pri:0, instance:TestSuites.FriendAndFamilyList@3af0a9da]" name="init" is-config="true" duration-ms="5009" started-at="2017-09-22T14:30:02Z" finished-at="2017-09-22T14:30:07Z">
          <reporter-output>
          </reporter-output>
        </test-method> <!-- init -->
        <test-method status="PASS" signature="init()[pri:0, instance:TestSuites.HeadlessBrowser@8e50104]" name="init" is-config="true" duration-ms="5010" started-at="2017-09-22T14:30:07Z" finished-at="2017-09-22T14:30:12Z">
          <reporter-output>
          </reporter-output>
        </test-method> <!-- init -->
        <test-method status="PASS" signature="init()[pri:0, instance:TestSuites.ICJQuickSearch@1115ec15]" name="init" is-config="true" duration-ms="5007" started-at="2017-09-22T14:30:12Z" finished-at="2017-09-22T14:30:17Z">
          <reporter-output>
          </reporter-output>
        </test-method> <!-- init -->
        <test-method status="PASS" signature="initialize()[pri:0, instance:TestSuites.HomePage@59e505b2]" name="initialize" is-config="true" duration-ms="0" started-at="2017-09-22T14:30:12Z" finished-at="2017-09-22T14:30:12Z">
          <reporter-output>
          </reporter-output>
        </test-method> <!-- initialize -->
        <test-method status="PASS" signature="init()[pri:0, instance:TestSuites.LobbyLoginOnQPortfolio@6f7923a5]" name="init" is-config="true" duration-ms="5003" started-at="2017-09-22T14:30:17Z" finished-at="2017-09-22T14:30:22Z">
          <reporter-output>
          </reporter-output>
        </test-method> <!-- init -->
        <test-method status="PASS" signature="init()[pri:0, instance:TestSuites.Register@82ea68c]" name="init" is-config="true" duration-ms="5007" started-at="2017-09-22T14:30:22Z" finished-at="2017-09-22T14:30:27Z">
          <reporter-output>
          </reporter-output>
        </test-method> <!-- init -->
        <test-method status="PASS" signature="init()[pri:0, instance:TestSuites.RemoveMember@14bee915]" name="init" is-config="true" duration-ms="5009" started-at="2017-09-22T14:30:27Z" finished-at="2017-09-22T14:30:32Z">
          <reporter-output>
          </reporter-output>
        </test-method> <!-- init -->
        <test-method status="PASS" signature="init()[pri:0, instance:TestSuites.TMTPSmoke@79dc5318]" name="init" is-config="true" duration-ms="5009" started-at="2017-09-22T14:30:32Z" finished-at="2017-09-22T14:30:37Z">
          <reporter-output>
          </reporter-output>
        </test-method> <!-- init -->
        <test-method status="PASS" signature="init()[pri:0, instance:TestSuites.VerifyElements@43b9fd5]" name="init" is-config="true" duration-ms="5008" started-at="2017-09-22T14:30:37Z" finished-at="2017-09-22T14:30:42Z">
          <reporter-output>
          </reporter-output>
        </test-method> <!-- init -->
        <test-method status="PASS" signature="init()[pri:0, instance:TestSuites.VerifyLogout@74a6f9c1]" name="init" is-config="true" duration-ms="5008" started-at="2017-09-22T14:30:42Z" finished-at="2017-09-22T14:30:47Z">
          <reporter-output>
          </reporter-output>
        </test-method> <!-- init -->
        <test-method status="PASS" signature="endReport()[pri:0, instance:TestSuites.AddMember@54eb2b70]" name="endReport" is-config="true" duration-ms="258" started-at="2017-09-22T14:32:00Z" finished-at="2017-09-22T14:32:00Z">
          <reporter-output>
          </reporter-output>
        </test-method> <!-- endReport -->
        <test-method status="PASS" signature="endReport()[pri:0, instance:TestSuites.AddRemoveMember@37e4d7bb]" name="endReport" is-config="true" duration-ms="38" started-at="2017-09-22T14:32:00Z" finished-at="2017-09-22T14:32:00Z">
          <reporter-output>
          </reporter-output>
        </test-method> <!-- endReport -->
        <test-method status="PASS" signature="endReport()[pri:0, instance:TestSuites.CaptureScreenshot@45a37759]" name="endReport" is-config="true" duration-ms="48" started-at="2017-09-22T14:32:00Z" finished-at="2017-09-22T14:32:00Z">
          <reporter-output>
          </reporter-output>
        </test-method> <!-- endReport -->
        <test-method status="PASS" signature="endReport()[pri:0, instance:TestSuites.FriendAndFamilyList@3af0a9da]" name="endReport" is-config="true" duration-ms="33" started-at="2017-09-22T14:32:00Z" finished-at="2017-09-22T14:32:00Z">
          <reporter-output>
          </reporter-output>
        </test-method> <!-- endReport -->
        <test-method status="PASS" signature="endReport()[pri:0, instance:TestSuites.HeadlessBrowser@8e50104]" name="endReport" is-config="true" duration-ms="27" started-at="2017-09-22T14:32:00Z" finished-at="2017-09-22T14:32:00Z">
          <reporter-output>
          </reporter-output>
        </test-method> <!-- endReport -->
        <test-method status="PASS" signature="teardown()[pri:0, instance:TestSuites.HomePage@59e505b2]" name="teardown" is-config="true" duration-ms="28" started-at="2017-09-22T14:32:00Z" finished-at="2017-09-22T14:32:00Z">
          <reporter-output>
          </reporter-output>
        </test-method> <!-- teardown -->
        <test-method status="PASS" signature="endReport()[pri:0, instance:TestSuites.ICJQuickSearch@1115ec15]" name="endReport" is-config="true" duration-ms="42" started-at="2017-09-22T14:32:00Z" finished-at="2017-09-22T14:32:01Z">
          <reporter-output>
          </reporter-output>
        </test-method> <!-- endReport -->
        <test-method status="PASS" signature="endReport()[pri:0, instance:TestSuites.LobbyLoginOnQPortfolio@6f7923a5]" name="endReport" is-config="true" duration-ms="29" started-at="2017-09-22T14:32:01Z" finished-at="2017-09-22T14:32:01Z">
          <reporter-output>
          </reporter-output>
        </test-method> <!-- endReport -->
        <test-method status="PASS" signature="endReport()[pri:0, instance:TestSuites.Register@82ea68c]" name="endReport" is-config="true" duration-ms="35" started-at="2017-09-22T14:32:01Z" finished-at="2017-09-22T14:32:01Z">
          <reporter-output>
          </reporter-output>
        </test-method> <!-- endReport -->
        <test-method status="PASS" signature="endReport()[pri:0, instance:TestSuites.RemoveMember@14bee915]" name="endReport" is-config="true" duration-ms="27" started-at="2017-09-22T14:32:01Z" finished-at="2017-09-22T14:32:01Z">
          <reporter-output>
          </reporter-output>
        </test-method> <!-- endReport -->
        <test-method status="FAIL" signature="endReport()[pri:0, instance:TestSuites.TMTPSmoke@79dc5318]" name="endReport" is-config="true" duration-ms="0" started-at="2017-09-22T14:32:01Z" finished-at="2017-09-22T14:32:01Z">
          <exception class="java.lang.NullPointerException">
            <full-stacktrace>
              <![CDATA[java.lang.NullPointerException
	at TestSuites.TMTPSmoke.endReport(TMTPSmoke.java:255)
	at sun.reflect.NativeMethodAccessorImpl.invoke0(Native Method)
	at sun.reflect.NativeMethodAccessorImpl.invoke(NativeMethodAccessorImpl.java:62)
	at sun.reflect.DelegatingMethodAccessorImpl.invoke(DelegatingMethodAccessorImpl.java:43)
	at java.lang.reflect.Method.invoke(Method.java:498)
	at org.testng.internal.MethodInvocationHelper.invokeMethod(MethodInvocationHelper.java:108)
	at org.testng.internal.Invoker.invokeConfigurationMethod(Invoker.java:523)
	at org.testng.internal.Invoker.invokeConfigurations(Invoker.java:224)
	at org.testng.internal.Invoker.invokeConfigurations(Invoker.java:146)
	at org.testng.TestRunner.afterRun(TestRunner.java:1007)
	at org.testng.TestRunner.run(TestRunner.java:638)
	at org.testng.SuiteRunner.runTest(SuiteRunner.java:425)
	at org.testng.SuiteRunner.runSequentially(SuiteRunner.java:420)
	at org.testng.SuiteRunner.privateRun(SuiteRunner.java:385)
	at org.testng.SuiteRunner.run(SuiteRunner.java:334)
	at org.testng.SuiteRunnerWorker.runSuite(SuiteRunnerWorker.java:52)
	at org.testng.SuiteRunnerWorker.run(SuiteRunnerWorker.java:86)
	at org.testng.TestNG.runSuitesSequentially(TestNG.java:1318)
	at org.testng.TestNG.runSuitesLocally(TestNG.java:1243)
	at org.testng.TestNG.runSuites(TestNG.java:1161)
	at org.testng.TestNG.run(TestNG.java:1129)
	at org.testng.remote.AbstractRemoteTestNG.run(AbstractRemoteTestNG.java:114)
	at org.testng.remote.RemoteTestNG.initAndRun(RemoteTestNG.java:251)
	at org.testng.remote.RemoteTestNG.main(RemoteTestNG.java:77)
]]>
            </full-stacktrace>
          </exception> <!-- java.lang.NullPointerException -->
          <reporter-output>
          </reporter-output>
        </test-method> <!-- endReport -->
        <test-method status="SKIP" signature="endReport()[pri:0, instance:TestSuites.VerifyElements@43b9fd5]" name="endReport" is-config="true" duration-ms="0" started-at="2017-09-22T14:32:01Z" finished-at="2017-09-22T14:32:01Z">
          <reporter-output>
          </reporter-output>
        </test-method> <!-- endReport -->
        <test-method status="SKIP" signature="endReport()[pri:0, instance:TestSuites.VerifyLogout@74a6f9c1]" name="endReport" is-config="true" duration-ms="0" started-at="2017-09-22T14:32:01Z" finished-at="2017-09-22T14:32:01Z">
          <reporter-output>
          </reporter-output>
        </test-method> <!-- endReport -->
      </class> <!-- TestSuites.AddMember -->
      <class name="TestSuites.ICJQuickSearch">
        <test-method status="PASS" signature="icjApplicationLoginAndVerifyQuickSearch()[pri:0, instance:TestSuites.ICJQuickSearch@1115ec15]" name="icjApplicationLoginAndVerifyQuickSearch" duration-ms="73288" started-at="2017-09-22T14:30:47Z" finished-at="2017-09-22T14:32:00Z">
          <reporter-output>
          </reporter-output>
        </test-method> <!-- icjApplicationLoginAndVerifyQuickSearch -->
        <test-method status="PASS" signature="getResult(org.testng.ITestResult)[pri:0, instance:TestSuites.ICJQuickSearch@1115ec15]" name="getResult" is-config="true" duration-ms="5" started-at="2017-09-22T14:32:00Z" finished-at="2017-09-22T14:32:00Z">
          <params>
            <param index="0">
              <value>
                <![CDATA[[TestResult name=icjApplicationLoginAndVerifyQuickSearch status=SUCCESS method=ICJQuickSearch.icjApplicationLoginAndVerifyQuickSearch()[pri:0, instance:TestSuites.ICJQuickSearch@1115ec15] output={null}]]]>
              </value>
            </param>
          </params>
          <reporter-output>
          </reporter-output>
        </test-method> <!-- getResult -->
      </class> <!-- TestSuites.ICJQuickSearch -->
      <class name="TestSuites.TMTPSmoke">
        <test-method status="FAIL" signature="smokeTestSuiteTMTPUnRegisteredUser()[pri:0, instance:TestSuites.TMTPSmoke@79dc5318]" name="smokeTestSuiteTMTPUnRegisteredUser" duration-ms="1" started-at="2017-09-22T14:32:00Z" finished-at="2017-09-22T14:32:00Z">
          <exception class="java.lang.NullPointerException">
            <full-stacktrace>
              <![CDATA[java.lang.NullPointerException
	at TestSuites.TMTPSmoke.smokeTestSuiteTMTPUnRegisteredUser(TMTPSmoke.java:211)
	at sun.reflect.NativeMethodAccessorImpl.invoke0(Native Method)
	at sun.reflect.NativeMethodAccessorImpl.invoke(NativeMethodAccessorImpl.java:62)
	at sun.reflect.DelegatingMethodAccessorImpl.invoke(DelegatingMethodAccessorImpl.java:43)
	at java.lang.reflect.Method.invoke(Method.java:498)
	at org.testng.internal.MethodInvocationHelper.invokeMethod(MethodInvocationHelper.java:108)
	at org.testng.internal.Invoker.invokeMethod(Invoker.java:669)
	at org.testng.internal.Invoker.invokeTestMethod(Invoker.java:877)
	at org.testng.internal.Invoker.invokeTestMethods(Invoker.java:1201)
	at org.testng.internal.TestMethodWorker.invokeTestMethods(TestMethodWorker.java:125)
	at org.testng.internal.TestMethodWorker.run(TestMethodWorker.java:109)
	at org.testng.TestRunner.privateRun(TestRunner.java:776)
	at org.testng.TestRunner.run(TestRunner.java:634)
	at org.testng.SuiteRunner.runTest(SuiteRunner.java:425)
	at org.testng.SuiteRunner.runSequentially(SuiteRunner.java:420)
	at org.testng.SuiteRunner.privateRun(SuiteRunner.java:385)
	at org.testng.SuiteRunner.run(SuiteRunner.java:334)
	at org.testng.SuiteRunnerWorker.runSuite(SuiteRunnerWorker.java:52)
	at org.testng.SuiteRunnerWorker.run(SuiteRunnerWorker.java:86)
	at org.testng.TestNG.runSuitesSequentially(TestNG.java:1318)
	at org.testng.TestNG.runSuitesLocally(TestNG.java:1243)
	at org.testng.TestNG.runSuites(TestNG.java:1161)
	at org.testng.TestNG.run(TestNG.java:1129)
	at org.testng.remote.AbstractRemoteTestNG.run(AbstractRemoteTestNG.java:114)
	at org.testng.remote.RemoteTestNG.initAndRun(RemoteTestNG.java:251)
	at org.testng.remote.RemoteTestNG.main(RemoteTestNG.java:77)
]]>
            </full-stacktrace>
          </exception> <!-- java.lang.NullPointerException -->
          <reporter-output>
          </reporter-output>
        </test-method> <!-- smokeTestSuiteTMTPUnRegisteredUser -->
        <test-method status="FAIL" signature="getResult(org.testng.ITestResult)[pri:0, instance:TestSuites.TMTPSmoke@79dc5318]" name="getResult" is-config="true" duration-ms="1" started-at="2017-09-22T14:32:00Z" finished-at="2017-09-22T14:32:00Z">
          <params>
            <param index="0">
              <value>
                <![CDATA[[TestResult name=smokeTestSuiteTMTPUnRegisteredUser status=FAILURE method=TMTPSmoke.smokeTestSuiteTMTPUnRegisteredUser()[pri:0, instance:TestSuites.TMTPSmoke@79dc5318] output={null}]]]>
              </value>
            </param>
          </params>
          <exception class="java.lang.NullPointerException">
            <full-stacktrace>
              <![CDATA[java.lang.NullPointerException
	at Utilities.GetScreenShot.capture(GetScreenShot.java:28)
	at TestSuites.TMTPSmoke.getResult(TMTPSmoke.java:245)
	at sun.reflect.NativeMethodAccessorImpl.invoke0(Native Method)
	at sun.reflect.NativeMethodAccessorImpl.invoke(NativeMethodAccessorImpl.java:62)
	at sun.reflect.DelegatingMethodAccessorImpl.invoke(DelegatingMethodAccessorImpl.java:43)
	at java.lang.reflect.Method.invoke(Method.java:498)
	at org.testng.internal.MethodInvocationHelper.invokeMethod(MethodInvocationHelper.java:108)
	at org.testng.internal.Invoker.invokeConfigurationMethod(Invoker.java:523)
	at org.testng.internal.Invoker.invokeConfigurations(Invoker.java:224)
	at org.testng.internal.Invoker.invokeMethod(Invoker.java:731)
	at org.testng.internal.Invoker.invokeTestMethod(Invoker.java:877)
	at org.testng.internal.Invoker.invokeTestMethods(Invoker.java:1201)
	at org.testng.internal.TestMethodWorker.invokeTestMethods(TestMethodWorker.java:125)
	at org.testng.internal.TestMethodWorker.run(TestMethodWorker.java:109)
	at org.testng.TestRunner.privateRun(TestRunner.java:776)
	at org.testng.TestRunner.run(TestRunner.java:634)
	at org.testng.SuiteRunner.runTest(SuiteRunner.java:425)
	at org.testng.SuiteRunner.runSequentially(SuiteRunner.java:420)
	at org.testng.SuiteRunner.privateRun(SuiteRunner.java:385)
	at org.testng.SuiteRunner.run(SuiteRunner.java:334)
	at org.testng.SuiteRunnerWorker.runSuite(SuiteRunnerWorker.java:52)
	at org.testng.SuiteRunnerWorker.run(SuiteRunnerWorker.java:86)
	at org.testng.TestNG.runSuitesSequentially(TestNG.java:1318)
	at org.testng.TestNG.runSuitesLocally(TestNG.java:1243)
	at org.testng.TestNG.runSuites(TestNG.java:1161)
	at org.testng.TestNG.run(TestNG.java:1129)
	at org.testng.remote.AbstractRemoteTestNG.run(AbstractRemoteTestNG.java:114)
	at org.testng.remote.RemoteTestNG.initAndRun(RemoteTestNG.java:251)
	at org.testng.remote.RemoteTestNG.main(RemoteTestNG.java:77)
]]>
            </full-stacktrace>
          </exception> <!-- java.lang.NullPointerException -->
          <reporter-output>
          </reporter-output>
        </test-method> <!-- getResult -->
      </class> <!-- TestSuites.TMTPSmoke -->
    </test> <!-- Default test -->
  </suite> <!-- Default suite -->
</testng-results>
