<?xml version="1.0" encoding="UTF-8"?>
<testng-results skipped="0" failed="1" ignored="0" total="3" passed="2">
  <reporter-output>
  </reporter-output>
  <suite name="Default suite" duration-ms="30790" started-at="2017-08-31T22:19:44Z" finished-at="2017-08-31T22:20:15Z">
    <groups>
    </groups>
    <test name="Default test" duration-ms="30790" started-at="2017-08-31T22:19:44Z" finished-at="2017-08-31T22:20:15Z">
      <class name="TestSuites.HomePage">
        <test-method status="FAIL" signature="demoReportFail()[pri:0, instance:TestSuites.HomePage@1fb19a0]" name="demoReportFail" duration-ms="9" started-at="2017-08-31T17:19:46Z" finished-at="2017-08-31T17:19:46Z">
          <exception class="java.lang.AssertionError">
            <message>
              <![CDATA[expected [true] but found [false]]]>
            </message>
            <full-stacktrace>
              <![CDATA[java.lang.AssertionError: expected [true] but found [false]
	at org.testng.Assert.fail(Assert.java:93)
	at org.testng.Assert.failNotEquals(Assert.java:512)
	at org.testng.Assert.assertTrue(Assert.java:41)
	at org.testng.Assert.assertTrue(Assert.java:51)
	at TestSuites.HomePage.demoReportFail(HomePage.java:103)
	at sun.reflect.NativeMethodAccessorImpl.invoke0(Native Method)
	at sun.reflect.NativeMethodAccessorImpl.invoke(NativeMethodAccessorImpl.java:62)
	at sun.reflect.DelegatingMethodAccessorImpl.invoke(DelegatingMethodAccessorImpl.java:43)
	at java.lang.reflect.Method.invoke(Method.java:498)
	at org.testng.internal.MethodInvocationHelper.invokeMethod(MethodInvocationHelper.java:108)
	at org.testng.internal.Invoker.invokeMethod(Invoker.java:661)
	at org.testng.internal.Invoker.invokeTestMethod(Invoker.java:869)
	at org.testng.internal.Invoker.invokeTestMethods(Invoker.java:1193)
	at org.testng.internal.TestMethodWorker.invokeTestMethods(TestMethodWorker.java:126)
	at org.testng.internal.TestMethodWorker.run(TestMethodWorker.java:109)
	at org.testng.TestRunner.privateRun(TestRunner.java:744)
	at org.testng.TestRunner.run(TestRunner.java:602)
	at org.testng.SuiteRunner.runTest(SuiteRunner.java:380)
	at org.testng.SuiteRunner.runSequentially(SuiteRunner.java:375)
	at org.testng.SuiteRunner.privateRun(SuiteRunner.java:340)
	at org.testng.SuiteRunner.run(SuiteRunner.java:289)
	at org.testng.SuiteRunnerWorker.runSuite(SuiteRunnerWorker.java:52)
	at org.testng.SuiteRunnerWorker.run(SuiteRunnerWorker.java:86)
	at org.testng.TestNG.runSuitesSequentially(TestNG.java:1301)
	at org.testng.TestNG.runSuitesLocally(TestNG.java:1226)
	at org.testng.TestNG.runSuites(TestNG.java:1144)
	at org.testng.TestNG.run(TestNG.java:1115)
	at org.testng.remote.AbstractRemoteTestNG.run(AbstractRemoteTestNG.java:132)
	at org.testng.remote.RemoteTestNG.initAndRun(RemoteTestNG.java:230)
	at org.testng.remote.RemoteTestNG.main(RemoteTestNG.java:76)
]]>
            </full-stacktrace>
          </exception> <!-- java.lang.AssertionError -->
          <reporter-output>
          </reporter-output>
        </test-method> <!-- demoReportFail -->
        <test-method status="PASS" signature="getResult(org.testng.ITestResult)[pri:0, instance:TestSuites.HomePage@1fb19a0]" name="getResult" is-config="true" duration-ms="4" started-at="2017-08-31T17:19:46Z" finished-at="2017-08-31T17:19:46Z">
          <params>
            <param index="0">
              <value>
                <![CDATA[[TestResult name=demoReportFail status=FAILURE method=HomePage.demoReportFail()[pri:0, instance:TestSuites.HomePage@1fb19a0] output={null}]]]>
              </value>
            </param>
          </params>
          <reporter-output>
          </reporter-output>
        </test-method> <!-- getResult -->
        <test-method status="PASS" signature="demoReportPass()[pri:0, instance:TestSuites.HomePage@1fb19a0]" name="demoReportPass" duration-ms="1" started-at="2017-08-31T17:19:46Z" finished-at="2017-08-31T17:19:46Z">
          <reporter-output>
          </reporter-output>
        </test-method> <!-- demoReportPass -->
        <test-method status="PASS" signature="getResult(org.testng.ITestResult)[pri:0, instance:TestSuites.HomePage@1fb19a0]" name="getResult" is-config="true" duration-ms="0" started-at="2017-08-31T17:19:46Z" finished-at="2017-08-31T17:19:46Z">
          <params>
            <param index="0">
              <value>
                <![CDATA[[TestResult name=demoReportPass status=SUCCESS method=HomePage.demoReportPass()[pri:0, instance:TestSuites.HomePage@1fb19a0] output={null}]]]>
              </value>
            </param>
          </params>
          <reporter-output>
          </reporter-output>
        </test-method> <!-- getResult -->
      </class> <!-- TestSuites.HomePage -->
      <class name="TestSuites.CaptureScreenshot">
        <test-method status="PASS" signature="init()[pri:0, instance:TestSuites.CaptureScreenshot@6ee4d9ab]" name="init" is-config="true" duration-ms="1316" started-at="2017-08-31T17:19:44Z" finished-at="2017-08-31T17:19:45Z">
          <reporter-output>
          </reporter-output>
        </test-method> <!-- init -->
        <test-method status="PASS" signature="initialize()[pri:0, instance:TestSuites.HomePage@1fb19a0]" name="initialize" is-config="true" duration-ms="779" started-at="2017-08-31T17:19:45Z" finished-at="2017-08-31T17:19:46Z">
          <reporter-output>
          </reporter-output>
        </test-method> <!-- initialize -->
        <test-method status="PASS" signature="anotherTest()[pri:0, instance:TestSuites.CaptureScreenshot@6ee4d9ab]" name="anotherTest" duration-ms="28120" started-at="2017-08-31T17:19:46Z" finished-at="2017-08-31T17:20:14Z">
          <reporter-output>
          </reporter-output>
        </test-method> <!-- anotherTest -->
        <test-method status="PASS" signature="getResult(org.testng.ITestResult)[pri:0, instance:TestSuites.CaptureScreenshot@6ee4d9ab]" name="getResult" is-config="true" duration-ms="0" started-at="2017-08-31T17:20:14Z" finished-at="2017-08-31T17:20:14Z">
          <params>
            <param index="0">
              <value>
                <![CDATA[[TestResult name=anotherTest status=SUCCESS method=CaptureScreenshot.anotherTest()[pri:0, instance:TestSuites.CaptureScreenshot@6ee4d9ab] output={null}]]]>
              </value>
            </param>
          </params>
          <reporter-output>
          </reporter-output>
        </test-method> <!-- getResult -->
        <test-method status="PASS" signature="endReport()[pri:0, instance:TestSuites.CaptureScreenshot@6ee4d9ab]" name="endReport" is-config="true" duration-ms="363" started-at="2017-08-31T17:20:14Z" finished-at="2017-08-31T17:20:14Z">
          <reporter-output>
          </reporter-output>
        </test-method> <!-- endReport -->
        <test-method status="PASS" signature="teardown()[pri:0, instance:TestSuites.HomePage@1fb19a0]" name="teardown" is-config="true" duration-ms="180" started-at="2017-08-31T17:20:14Z" finished-at="2017-08-31T17:20:15Z">
          <reporter-output>
          </reporter-output>
        </test-method> <!-- teardown -->
      </class> <!-- TestSuites.CaptureScreenshot -->
    </test> <!-- Default test -->
  </suite> <!-- Default suite -->
</testng-results>
