<?xml version="1.0" encoding="UTF-8"?>
<testng-results skipped="0" failed="1" ignored="10" total="11" passed="0">
  <reporter-output>
  </reporter-output>
  <suite name="Default suite" duration-ms="77643" started-at="2017-09-18T15:59:42Z" finished-at="2017-09-18T16:01:00Z">
    <groups>
    </groups>
    <test name="Default test" duration-ms="77643" started-at="2017-09-18T15:59:42Z" finished-at="2017-09-18T16:01:00Z">
      <class name="TestSuites.AddMember">
        <test-method status="PASS" signature="init()[pri:0, instance:TestSuites.AddMember@1ab06251]" name="init" is-config="true" duration-ms="5012" started-at="2017-09-18T10:59:42Z" finished-at="2017-09-18T10:59:48Z">
          <reporter-output>
          </reporter-output>
        </test-method> <!-- init -->
        <test-method status="PASS" signature="init()[pri:0, instance:TestSuites.AddRemoveMember@455b6df1]" name="init" is-config="true" duration-ms="5005" started-at="2017-09-18T10:59:48Z" finished-at="2017-09-18T10:59:53Z">
          <reporter-output>
          </reporter-output>
        </test-method> <!-- init -->
        <test-method status="PASS" signature="init()[pri:0, instance:TestSuites.CaptureScreenshot@41ab013]" name="init" is-config="true" duration-ms="5008" started-at="2017-09-18T10:59:53Z" finished-at="2017-09-18T10:59:58Z">
          <reporter-output>
          </reporter-output>
        </test-method> <!-- init -->
        <test-method status="PASS" signature="init()[pri:0, instance:TestSuites.FriendAndFamilyList@768fc0f2]" name="init" is-config="true" duration-ms="5005" started-at="2017-09-18T10:59:58Z" finished-at="2017-09-18T11:00:03Z">
          <reporter-output>
          </reporter-output>
        </test-method> <!-- init -->
        <test-method status="PASS" signature="init()[pri:0, instance:TestSuites.HeadlessBrowser@20c0a64d]" name="init" is-config="true" duration-ms="5007" started-at="2017-09-18T11:00:03Z" finished-at="2017-09-18T11:00:08Z">
          <reporter-output>
          </reporter-output>
        </test-method> <!-- init -->
        <test-method status="PASS" signature="initialize()[pri:0, instance:TestSuites.HomePage@71329995]" name="initialize" is-config="true" duration-ms="1" started-at="2017-09-18T11:00:08Z" finished-at="2017-09-18T11:00:08Z">
          <reporter-output>
          </reporter-output>
        </test-method> <!-- initialize -->
        <test-method status="PASS" signature="init()[pri:0, instance:TestSuites.ICJQuickSearch@6f19ac19]" name="init" is-config="true" duration-ms="5008" started-at="2017-09-18T11:00:08Z" finished-at="2017-09-18T11:00:13Z">
          <reporter-output>
          </reporter-output>
        </test-method> <!-- init -->
        <test-method status="PASS" signature="init()[pri:0, instance:TestSuites.LobbyLoginOnQPortfolio@4ddbbdf8]" name="init" is-config="true" duration-ms="5008" started-at="2017-09-18T11:00:13Z" finished-at="2017-09-18T11:00:18Z">
          <reporter-output>
          </reporter-output>
        </test-method> <!-- init -->
        <test-method status="PASS" signature="init()[pri:0, instance:TestSuites.Register@119cbf96]" name="init" is-config="true" duration-ms="5007" started-at="2017-09-18T11:00:18Z" finished-at="2017-09-18T11:00:23Z">
          <reporter-output>
          </reporter-output>
        </test-method> <!-- init -->
        <test-method status="PASS" signature="init()[pri:0, instance:TestSuites.RemoveMember@1bd39d3c]" name="init" is-config="true" duration-ms="5003" started-at="2017-09-18T11:00:23Z" finished-at="2017-09-18T11:00:28Z">
          <reporter-output>
          </reporter-output>
        </test-method> <!-- init -->
        <test-method status="PASS" signature="init()[pri:0, instance:TestSuites.VerifyElements@5454d35e]" name="init" is-config="true" duration-ms="5003" started-at="2017-09-18T11:00:28Z" finished-at="2017-09-18T11:00:33Z">
          <reporter-output>
          </reporter-output>
        </test-method> <!-- init -->
        <test-method status="PASS" signature="init()[pri:0, instance:TestSuites.VerifyLogout@3f67593e]" name="init" is-config="true" duration-ms="5005" started-at="2017-09-18T11:00:33Z" finished-at="2017-09-18T11:00:38Z">
          <reporter-output>
          </reporter-output>
        </test-method> <!-- init -->
        <test-method status="PASS" signature="endReport()[pri:0, instance:TestSuites.AddMember@1ab06251]" name="endReport" is-config="true" duration-ms="173" started-at="2017-09-18T11:01:00Z" finished-at="2017-09-18T11:01:00Z">
          <reporter-output>
          </reporter-output>
        </test-method> <!-- endReport -->
        <test-method status="PASS" signature="endReport()[pri:0, instance:TestSuites.AddRemoveMember@455b6df1]" name="endReport" is-config="true" duration-ms="38" started-at="2017-09-18T11:01:00Z" finished-at="2017-09-18T11:01:00Z">
          <reporter-output>
          </reporter-output>
        </test-method> <!-- endReport -->
        <test-method status="PASS" signature="endReport()[pri:0, instance:TestSuites.CaptureScreenshot@41ab013]" name="endReport" is-config="true" duration-ms="35" started-at="2017-09-18T11:01:00Z" finished-at="2017-09-18T11:01:00Z">
          <reporter-output>
          </reporter-output>
        </test-method> <!-- endReport -->
        <test-method status="PASS" signature="endReport()[pri:0, instance:TestSuites.FriendAndFamilyList@768fc0f2]" name="endReport" is-config="true" duration-ms="32" started-at="2017-09-18T11:01:00Z" finished-at="2017-09-18T11:01:00Z">
          <reporter-output>
          </reporter-output>
        </test-method> <!-- endReport -->
        <test-method status="PASS" signature="endReport()[pri:0, instance:TestSuites.HeadlessBrowser@20c0a64d]" name="endReport" is-config="true" duration-ms="32" started-at="2017-09-18T11:01:00Z" finished-at="2017-09-18T11:01:00Z">
          <reporter-output>
          </reporter-output>
        </test-method> <!-- endReport -->
        <test-method status="PASS" signature="teardown()[pri:0, instance:TestSuites.HomePage@71329995]" name="teardown" is-config="true" duration-ms="28" started-at="2017-09-18T11:01:00Z" finished-at="2017-09-18T11:01:00Z">
          <reporter-output>
          </reporter-output>
        </test-method> <!-- teardown -->
        <test-method status="PASS" signature="endReport()[pri:0, instance:TestSuites.ICJQuickSearch@6f19ac19]" name="endReport" is-config="true" duration-ms="43" started-at="2017-09-18T11:01:00Z" finished-at="2017-09-18T11:01:00Z">
          <reporter-output>
          </reporter-output>
        </test-method> <!-- endReport -->
        <test-method status="PASS" signature="endReport()[pri:0, instance:TestSuites.LobbyLoginOnQPortfolio@4ddbbdf8]" name="endReport" is-config="true" duration-ms="35" started-at="2017-09-18T11:01:00Z" finished-at="2017-09-18T11:01:00Z">
          <reporter-output>
          </reporter-output>
        </test-method> <!-- endReport -->
        <test-method status="PASS" signature="endReport()[pri:0, instance:TestSuites.Register@119cbf96]" name="endReport" is-config="true" duration-ms="32" started-at="2017-09-18T11:01:00Z" finished-at="2017-09-18T11:01:00Z">
          <reporter-output>
          </reporter-output>
        </test-method> <!-- endReport -->
        <test-method status="PASS" signature="endReport()[pri:0, instance:TestSuites.RemoveMember@1bd39d3c]" name="endReport" is-config="true" duration-ms="32" started-at="2017-09-18T11:01:00Z" finished-at="2017-09-18T11:01:00Z">
          <reporter-output>
          </reporter-output>
        </test-method> <!-- endReport -->
        <test-method status="PASS" signature="endReport()[pri:0, instance:TestSuites.VerifyElements@5454d35e]" name="endReport" is-config="true" duration-ms="32" started-at="2017-09-18T11:01:00Z" finished-at="2017-09-18T11:01:00Z">
          <reporter-output>
          </reporter-output>
        </test-method> <!-- endReport -->
        <test-method status="PASS" signature="endReport()[pri:0, instance:TestSuites.VerifyLogout@3f67593e]" name="endReport" is-config="true" duration-ms="28" started-at="2017-09-18T11:01:00Z" finished-at="2017-09-18T11:01:00Z">
          <reporter-output>
          </reporter-output>
        </test-method> <!-- endReport -->
      </class> <!-- TestSuites.AddMember -->
      <class name="TestSuites.ICJQuickSearch">
        <test-method status="FAIL" signature="icjApplicationLoginAndVerifyQuickSearch()[pri:0, instance:TestSuites.ICJQuickSearch@6f19ac19]" name="icjApplicationLoginAndVerifyQuickSearch" duration-ms="21965" started-at="2017-09-18T11:00:38Z" finished-at="2017-09-18T11:01:00Z">
          <exception class="org.openqa.selenium.NoSuchElementException">
            <message>
              <![CDATA[Unable to locate element: //*[@id='flowContainer']/article/div[3]/footer/div/div[2]/button
For documentation on this error, please visit: http://seleniumhq.org/exceptions/no_such_element.html
Build info: version: '3.4.0', revision: 'unknown', time: 'unknown'
System info: host: 'Vamsis-MacBook-Pro.local', ip: 'fe80:0:0:0:145e:5718:5ea9:9a66%en0', os.name: 'Mac OS X', os.arch: 'x86_64', os.version: '10.12.6', java.version: '1.8.0_131'
Driver info: org.openqa.selenium.firefox.FirefoxDriver
Capabilities [{rotatable=false, raisesAccessibilityExceptions=false, appBuildId=20160303134406, version=45.0, platform=MAC, proxy=Proxy(), specificationLevel=1, acceptSslCerts=false, browserVersion=45.0, platformVersion=16.7.0, XULappId={ec8030f7-c20a-464f-9b0e-13a3a9e97384}, browserName=Firefox, takesScreenshot=true, takesElementScreenshot=true, javascriptEnabled=true, platformName=Darwin, device=desktop}]
Session ID: df28cab8-be89-a840-ac9a-04e1cd9b9272
*** Element info: {Using=xpath, value=//*[@id='flowContainer']/article/div[3]/footer/div/div[2]/button}]]>
            </message>
            <full-stacktrace>
              <![CDATA[org.openqa.selenium.NoSuchElementException: Unable to locate element: //*[@id='flowContainer']/article/div[3]/footer/div/div[2]/button
For documentation on this error, please visit: http://seleniumhq.org/exceptions/no_such_element.html
Build info: version: '3.4.0', revision: 'unknown', time: 'unknown'
System info: host: 'Vamsis-MacBook-Pro.local', ip: 'fe80:0:0:0:145e:5718:5ea9:9a66%en0', os.name: 'Mac OS X', os.arch: 'x86_64', os.version: '10.12.6', java.version: '1.8.0_131'
Driver info: org.openqa.selenium.firefox.FirefoxDriver
Capabilities [{rotatable=false, raisesAccessibilityExceptions=false, appBuildId=20160303134406, version=45.0, platform=MAC, proxy=Proxy(), specificationLevel=1, acceptSslCerts=false, browserVersion=45.0, platformVersion=16.7.0, XULappId={ec8030f7-c20a-464f-9b0e-13a3a9e97384}, browserName=Firefox, takesScreenshot=true, takesElementScreenshot=true, javascriptEnabled=true, platformName=Darwin, device=desktop}]
Session ID: df28cab8-be89-a840-ac9a-04e1cd9b9272
*** Element info: {Using=xpath, value=//*[@id='flowContainer']/article/div[3]/footer/div/div[2]/button}
	at sun.reflect.NativeConstructorAccessorImpl.newInstance0(Native Method)
	at sun.reflect.NativeConstructorAccessorImpl.newInstance(NativeConstructorAccessorImpl.java:62)
	at sun.reflect.DelegatingConstructorAccessorImpl.newInstance(DelegatingConstructorAccessorImpl.java:45)
	at java.lang.reflect.Constructor.newInstance(Constructor.java:423)
	at org.openqa.selenium.remote.http.W3CHttpResponseCodec.createException(W3CHttpResponseCodec.java:150)
	at org.openqa.selenium.remote.http.W3CHttpResponseCodec.decode(W3CHttpResponseCodec.java:115)
	at org.openqa.selenium.remote.http.W3CHttpResponseCodec.decode(W3CHttpResponseCodec.java:45)
	at org.openqa.selenium.remote.HttpCommandExecutor.execute(HttpCommandExecutor.java:164)
	at org.openqa.selenium.remote.service.DriverCommandExecutor.execute(DriverCommandExecutor.java:82)
	at org.openqa.selenium.remote.RemoteWebDriver.execute(RemoteWebDriver.java:637)
	at org.openqa.selenium.remote.RemoteWebDriver.findElement(RemoteWebDriver.java:410)
	at org.openqa.selenium.remote.RemoteWebDriver.findElementByXPath(RemoteWebDriver.java:509)
	at org.openqa.selenium.By$ByXPath.findElement(By.java:361)
	at org.openqa.selenium.remote.RemoteWebDriver.findElement(RemoteWebDriver.java:402)
	at ObjectRepository.ICJApplication.getLocationNextElement(ICJApplication.java:40)
	at TestSuites.ICJQuickSearch.icjApplicationLoginAndVerifyQuickSearch(ICJQuickSearch.java:105)
	at sun.reflect.NativeMethodAccessorImpl.invoke0(Native Method)
	at sun.reflect.NativeMethodAccessorImpl.invoke(NativeMethodAccessorImpl.java:62)
	at sun.reflect.DelegatingMethodAccessorImpl.invoke(DelegatingMethodAccessorImpl.java:43)
	at java.lang.reflect.Method.invoke(Method.java:498)
	at org.testng.internal.MethodInvocationHelper.invokeMethod(MethodInvocationHelper.java:108)
	at org.testng.internal.Invoker.invokeMethod(Invoker.java:669)
	at org.testng.internal.Invoker.invokeTestMethod(Invoker.java:877)
	at org.testng.internal.Invoker.invokeTestMethods(Invoker.java:1201)
	at org.testng.internal.TestMethodWorker.invokeTestMethods(TestMethodWorker.java:125)
	at org.testng.internal.TestMethodWorker.run(TestMethodWorker.java:109)
	at org.testng.TestRunner.privateRun(TestRunner.java:776)
	at org.testng.TestRunner.run(TestRunner.java:634)
	at org.testng.SuiteRunner.runTest(SuiteRunner.java:425)
	at org.testng.SuiteRunner.runSequentially(SuiteRunner.java:420)
	at org.testng.SuiteRunner.privateRun(SuiteRunner.java:385)
	at org.testng.SuiteRunner.run(SuiteRunner.java:334)
	at org.testng.SuiteRunnerWorker.runSuite(SuiteRunnerWorker.java:52)
	at org.testng.SuiteRunnerWorker.run(SuiteRunnerWorker.java:86)
	at org.testng.TestNG.runSuitesSequentially(TestNG.java:1318)
	at org.testng.TestNG.runSuitesLocally(TestNG.java:1243)
	at org.testng.TestNG.runSuites(TestNG.java:1161)
	at org.testng.TestNG.run(TestNG.java:1129)
	at org.testng.remote.AbstractRemoteTestNG.run(AbstractRemoteTestNG.java:114)
	at org.testng.remote.RemoteTestNG.initAndRun(RemoteTestNG.java:251)
	at org.testng.remote.RemoteTestNG.main(RemoteTestNG.java:77)
]]>
            </full-stacktrace>
          </exception> <!-- org.openqa.selenium.NoSuchElementException -->
          <reporter-output>
          </reporter-output>
        </test-method> <!-- icjApplicationLoginAndVerifyQuickSearch -->
        <test-method status="PASS" signature="getResult(org.testng.ITestResult)[pri:0, instance:TestSuites.ICJQuickSearch@6f19ac19]" name="getResult" is-config="true" duration-ms="50" started-at="2017-09-18T11:01:00Z" finished-at="2017-09-18T11:01:00Z">
          <params>
            <param index="0">
              <value>
                <![CDATA[[TestResult name=icjApplicationLoginAndVerifyQuickSearch status=FAILURE method=ICJQuickSearch.icjApplicationLoginAndVerifyQuickSearch()[pri:0, instance:TestSuites.ICJQuickSearch@6f19ac19] output={null}]]]>
              </value>
            </param>
          </params>
          <reporter-output>
          </reporter-output>
        </test-method> <!-- getResult -->
      </class> <!-- TestSuites.ICJQuickSearch -->
    </test> <!-- Default test -->
  </suite> <!-- Default suite -->
</testng-results>
