<?xml version="1.0" encoding="UTF-8"?>
<testng-results skipped="0" failed="2" ignored="11" total="13" passed="0">
  <reporter-output>
  </reporter-output>
  <suite name="Default suite" duration-ms="2990" started-at="2018-01-17T21:00:06Z" finished-at="2018-01-17T21:00:09Z">
    <groups>
    </groups>
    <test name="Default test" duration-ms="2990" started-at="2018-01-17T21:00:06Z" finished-at="2018-01-17T21:00:09Z">
      <class name="TestSuites.AddMember">
        <test-method status="PASS" signature="init()[pri:0, instance:TestSuites.AddMember@225129c]" name="init" is-config="true" duration-ms="11" started-at="2018-01-17T15:00:06Z" finished-at="2018-01-17T15:00:06Z">
          <reporter-output>
          </reporter-output>
        </test-method> <!-- init -->
        <test-method status="PASS" signature="init()[pri:0, instance:TestSuites.AddRemoveMember@2141a12]" name="init" is-config="true" duration-ms="2" started-at="2018-01-17T15:00:06Z" finished-at="2018-01-17T15:00:06Z">
          <reporter-output>
          </reporter-output>
        </test-method> <!-- init -->
        <test-method status="PASS" signature="init()[pri:0, instance:TestSuites.CaptureScreenshot@20435c40]" name="init" is-config="true" duration-ms="1" started-at="2018-01-17T15:00:06Z" finished-at="2018-01-17T15:00:06Z">
          <reporter-output>
          </reporter-output>
        </test-method> <!-- init -->
        <test-method status="PASS" signature="init()[pri:0, instance:TestSuites.FriendAndFamilyList@44c73c26]" name="init" is-config="true" duration-ms="2" started-at="2018-01-17T15:00:06Z" finished-at="2018-01-17T15:00:06Z">
          <reporter-output>
          </reporter-output>
        </test-method> <!-- init -->
        <test-method status="PASS" signature="init()[pri:0, instance:TestSuites.HeadlessBrowser@7fcf2fc1]" name="init" is-config="true" duration-ms="7" started-at="2018-01-17T15:00:06Z" finished-at="2018-01-17T15:00:06Z">
          <reporter-output>
          </reporter-output>
        </test-method> <!-- init -->
        <test-method status="PASS" signature="initialize()[pri:0, instance:TestSuites.HomePage@7aaca91a]" name="initialize" is-config="true" duration-ms="1" started-at="2018-01-17T15:00:06Z" finished-at="2018-01-17T15:00:06Z">
          <reporter-output>
          </reporter-output>
        </test-method> <!-- initialize -->
        <test-method status="PASS" signature="init()[pri:0, instance:TestSuites.ICJQuickSearch@3eb77ea8]" name="init" is-config="true" duration-ms="2" started-at="2018-01-17T15:00:06Z" finished-at="2018-01-17T15:00:06Z">
          <reporter-output>
          </reporter-output>
        </test-method> <!-- init -->
        <test-method status="PASS" signature="init()[pri:0, instance:TestSuites.LobbyLoginOnQPortfolio@4196c360]" name="init" is-config="true" duration-ms="1" started-at="2018-01-17T15:00:06Z" finished-at="2018-01-17T15:00:06Z">
          <reporter-output>
          </reporter-output>
        </test-method> <!-- init -->
        <test-method status="PASS" signature="init()[pri:0, instance:TestSuites.Register@7b8b43c7]" name="init" is-config="true" duration-ms="1" started-at="2018-01-17T15:00:06Z" finished-at="2018-01-17T15:00:06Z">
          <reporter-output>
          </reporter-output>
        </test-method> <!-- init -->
        <test-method status="PASS" signature="init()[pri:0, instance:TestSuites.RemoveMember@7d286fb6]" name="init" is-config="true" duration-ms="1" started-at="2018-01-17T15:00:06Z" finished-at="2018-01-17T15:00:06Z">
          <reporter-output>
          </reporter-output>
        </test-method> <!-- init -->
        <test-method status="PASS" signature="init()[pri:0, instance:TestSuites.TMTPSmoke@60b4beb4]" name="init" is-config="true" duration-ms="1" started-at="2018-01-17T15:00:06Z" finished-at="2018-01-17T15:00:06Z">
          <reporter-output>
          </reporter-output>
        </test-method> <!-- init -->
        <test-method status="PASS" signature="init()[pri:0, instance:TestSuites.VerifyElements@41005828]" name="init" is-config="true" duration-ms="2" started-at="2018-01-17T15:00:06Z" finished-at="2018-01-17T15:00:06Z">
          <reporter-output>
          </reporter-output>
        </test-method> <!-- init -->
        <test-method status="PASS" signature="init()[pri:0, instance:TestSuites.VerifyLogout@41294f8]" name="init" is-config="true" duration-ms="1" started-at="2018-01-17T15:00:06Z" finished-at="2018-01-17T15:00:06Z">
          <reporter-output>
          </reporter-output>
        </test-method> <!-- init -->
        <test-method status="PASS" signature="endReport()[pri:0, instance:TestSuites.AddMember@225129c]" name="endReport" is-config="true" duration-ms="220" started-at="2018-01-17T15:00:08Z" finished-at="2018-01-17T15:00:09Z">
          <reporter-output>
          </reporter-output>
        </test-method> <!-- endReport -->
        <test-method status="PASS" signature="endReport()[pri:0, instance:TestSuites.AddRemoveMember@2141a12]" name="endReport" is-config="true" duration-ms="41" started-at="2018-01-17T15:00:09Z" finished-at="2018-01-17T15:00:09Z">
          <reporter-output>
          </reporter-output>
        </test-method> <!-- endReport -->
        <test-method status="PASS" signature="endReport()[pri:0, instance:TestSuites.CaptureScreenshot@20435c40]" name="endReport" is-config="true" duration-ms="35" started-at="2018-01-17T15:00:09Z" finished-at="2018-01-17T15:00:09Z">
          <reporter-output>
          </reporter-output>
        </test-method> <!-- endReport -->
        <test-method status="PASS" signature="endReport()[pri:0, instance:TestSuites.FriendAndFamilyList@44c73c26]" name="endReport" is-config="true" duration-ms="33" started-at="2018-01-17T15:00:09Z" finished-at="2018-01-17T15:00:09Z">
          <reporter-output>
          </reporter-output>
        </test-method> <!-- endReport -->
        <test-method status="PASS" signature="endReport()[pri:0, instance:TestSuites.HeadlessBrowser@7fcf2fc1]" name="endReport" is-config="true" duration-ms="30" started-at="2018-01-17T15:00:09Z" finished-at="2018-01-17T15:00:09Z">
          <reporter-output>
          </reporter-output>
        </test-method> <!-- endReport -->
        <test-method status="PASS" signature="teardown()[pri:0, instance:TestSuites.HomePage@7aaca91a]" name="teardown" is-config="true" duration-ms="28" started-at="2018-01-17T15:00:09Z" finished-at="2018-01-17T15:00:09Z">
          <reporter-output>
          </reporter-output>
        </test-method> <!-- teardown -->
        <test-method status="PASS" signature="endReport()[pri:0, instance:TestSuites.ICJQuickSearch@3eb77ea8]" name="endReport" is-config="true" duration-ms="28" started-at="2018-01-17T15:00:09Z" finished-at="2018-01-17T15:00:09Z">
          <reporter-output>
          </reporter-output>
        </test-method> <!-- endReport -->
        <test-method status="PASS" signature="endReport()[pri:0, instance:TestSuites.LobbyLoginOnQPortfolio@4196c360]" name="endReport" is-config="true" duration-ms="35" started-at="2018-01-17T15:00:09Z" finished-at="2018-01-17T15:00:09Z">
          <reporter-output>
          </reporter-output>
        </test-method> <!-- endReport -->
        <test-method status="PASS" signature="endReport()[pri:0, instance:TestSuites.Register@7b8b43c7]" name="endReport" is-config="true" duration-ms="43" started-at="2018-01-17T15:00:09Z" finished-at="2018-01-17T15:00:09Z">
          <reporter-output>
          </reporter-output>
        </test-method> <!-- endReport -->
        <test-method status="PASS" signature="endReport()[pri:0, instance:TestSuites.RemoveMember@7d286fb6]" name="endReport" is-config="true" duration-ms="32" started-at="2018-01-17T15:00:09Z" finished-at="2018-01-17T15:00:09Z">
          <reporter-output>
          </reporter-output>
        </test-method> <!-- endReport -->
        <test-method status="FAIL" signature="endReport()[pri:0, instance:TestSuites.TMTPSmoke@60b4beb4]" name="endReport" is-config="true" duration-ms="1" started-at="2018-01-17T15:00:09Z" finished-at="2018-01-17T15:00:09Z">
          <exception class="java.lang.NullPointerException">
            <full-stacktrace>
              <![CDATA[java.lang.NullPointerExceptionat TestSuites.TMTPSmoke.endReport(TMTPSmoke.java:255)at sun.reflect.NativeMethodAccessorImpl.invoke0(Native Method)at sun.reflect.NativeMethodAccessorImpl.invoke(NativeMethodAccessorImpl.java:62)at sun.reflect.DelegatingMethodAccessorImpl.invoke(DelegatingMethodAccessorImpl.java:43)at java.lang.reflect.Method.invoke(Method.java:498)at org.testng.internal.MethodInvocationHelper.invokeMethod(MethodInvocationHelper.java:124)at org.testng.internal.MethodInvocationHelper.invokeMethodConsideringTimeout(MethodInvocationHelper.java:59)at org.testng.internal.Invoker.invokeConfigurationMethod(Invoker.java:451)at org.testng.internal.Invoker.invokeConfigurations(Invoker.java:222)at org.testng.internal.Invoker.invokeConfigurations(Invoker.java:142)at org.testng.TestRunner.afterRun(TestRunner.java:725)at org.testng.TestRunner.run(TestRunner.java:509)at org.testng.SuiteRunner.runTest(SuiteRunner.java:455)at org.testng.SuiteRunner.runSequentially(SuiteRunner.java:450)at org.testng.SuiteRunner.privateRun(SuiteRunner.java:415)at org.testng.SuiteRunner.run(SuiteRunner.java:364)at org.testng.SuiteRunnerWorker.runSuite(SuiteRunnerWorker.java:52)at org.testng.SuiteRunnerWorker.run(SuiteRunnerWorker.java:84)at org.testng.TestNG.runSuitesSequentially(TestNG.java:1187)at org.testng.TestNG.runSuitesLocally(TestNG.java:1116)at org.testng.TestNG.runSuites(TestNG.java:1028)at org.testng.TestNG.run(TestNG.java:996)at org.testng.remote.AbstractRemoteTestNG.run(AbstractRemoteTestNG.java:114)at org.testng.remote.RemoteTestNG.initAndRun(RemoteTestNG.java:251)at org.testng.remote.RemoteTestNG.main(RemoteTestNG.java:77)]]>
            </full-stacktrace>
          </exception> <!-- java.lang.NullPointerException -->
          <reporter-output>
          </reporter-output>
        </test-method> <!-- endReport -->
        <test-method status="SKIP" signature="endReport()[pri:0, instance:TestSuites.VerifyElements@41005828]" name="endReport" is-config="true" duration-ms="0" started-at="2018-01-17T15:00:09Z" finished-at="2018-01-17T15:00:09Z">
          <reporter-output>
          </reporter-output>
        </test-method> <!-- endReport -->
        <test-method status="SKIP" signature="endReport()[pri:0, instance:TestSuites.VerifyLogout@41294f8]" name="endReport" is-config="true" duration-ms="0" started-at="2018-01-17T15:00:09Z" finished-at="2018-01-17T15:00:09Z">
          <reporter-output>
          </reporter-output>
        </test-method> <!-- endReport -->
      </class> <!-- TestSuites.AddMember -->
      <class name="TestSuites.ICJQuickSearch">
        <test-method status="FAIL" signature="icjApplicationLoginAndVerifyQuickSearch()[pri:0, instance:TestSuites.ICJQuickSearch@3eb77ea8]" name="icjApplicationLoginAndVerifyQuickSearch" duration-ms="2394" started-at="2018-01-17T15:00:06Z" finished-at="2018-01-17T15:00:08Z">
          <exception class="org.openqa.selenium.WebDriverException">
            <message>
              <![CDATA[disconnected: unable to connect to renderer  (Session info: chrome=63.0.3239.132)  (Driver info: chromedriver=2.31.488774 (7e15618d1bf16df8bf0ecf2914ed1964a387ba0b),platform=Mac OS X 10.12.6 x86_64) (WARNING: The server did not provide any stacktrace information)Command duration or timeout: 0 millisecondsBuild info: version: '3.5.3', revision: 'a88d25fe6b', time: '2017-08-29T12:42:44.417Z'System info: host: 'washq55226y6.hq.ad.hilton.com', ip: '2601:3c2:8280:2b5b:0:0:0:946b', os.name: 'Mac OS X', os.arch: 'x86_64', os.version: '10.12.6', java.version: '1.8.0_131'Driver info: org.openqa.selenium.chrome.ChromeDriverCapabilities [{mobileEmulationEnabled=false, hasTouchScreen=false, platform=MAC, acceptSslCerts=true, webStorageEnabled=true, browserName=chrome, takesScreenshot=true, javascriptEnabled=true, platformName=MAC, setWindowRect=true, unexpectedAlertBehaviour=, applicationCacheEnabled=false, rotatable=false, networkConnectionEnabled=false, chrome={chromedriverVersion=2.31.488774 (7e15618d1bf16df8bf0ecf2914ed1964a387ba0b), userDataDir=/var/folders/c2/1cs59_ks15q_jmbjt_1c325m0000gn/T/.org.chromium.Chromium.Y12DCn}, takesHeapSnapshot=true, pageLoadStrategy=normal, unhandledPromptBehavior=, databaseEnabled=false, handlesAlerts=true, version=63.0.3239.132, browserConnectionEnabled=false, nativeEvents=true, locationContextEnabled=true, cssSelectorsEnabled=true}]Session ID: 2ae430991d53076dac8ce156d5782e66]]>
            </message>
            <full-stacktrace>
              <![CDATA[org.openqa.selenium.WebDriverException: disconnected: unable to connect to renderer  (Session info: chrome=63.0.3239.132)  (Driver info: chromedriver=2.31.488774 (7e15618d1bf16df8bf0ecf2914ed1964a387ba0b),platform=Mac OS X 10.12.6 x86_64) (WARNING: The server did not provide any stacktrace information)Command duration or timeout: 0 millisecondsBuild info: version: '3.5.3', revision: 'a88d25fe6b', time: '2017-08-29T12:42:44.417Z'System info: host: 'washq55226y6.hq.ad.hilton.com', ip: '2601:3c2:8280:2b5b:0:0:0:946b', os.name: 'Mac OS X', os.arch: 'x86_64', os.version: '10.12.6', java.version: '1.8.0_131'Driver info: org.openqa.selenium.chrome.ChromeDriverCapabilities [{mobileEmulationEnabled=false, hasTouchScreen=false, platform=MAC, acceptSslCerts=true, webStorageEnabled=true, browserName=chrome, takesScreenshot=true, javascriptEnabled=true, platformName=MAC, setWindowRect=true, unexpectedAlertBehaviour=, applicationCacheEnabled=false, rotatable=false, networkConnectionEnabled=false, chrome={chromedriverVersion=2.31.488774 (7e15618d1bf16df8bf0ecf2914ed1964a387ba0b), userDataDir=/var/folders/c2/1cs59_ks15q_jmbjt_1c325m0000gn/T/.org.chromium.Chromium.Y12DCn}, takesHeapSnapshot=true, pageLoadStrategy=normal, unhandledPromptBehavior=, databaseEnabled=false, handlesAlerts=true, version=63.0.3239.132, browserConnectionEnabled=false, nativeEvents=true, locationContextEnabled=true, cssSelectorsEnabled=true}]Session ID: 2ae430991d53076dac8ce156d5782e66at sun.reflect.NativeConstructorAccessorImpl.newInstance0(Native Method)at sun.reflect.NativeConstructorAccessorImpl.newInstance(NativeConstructorAccessorImpl.java:62)at sun.reflect.DelegatingConstructorAccessorImpl.newInstance(DelegatingConstructorAccessorImpl.java:45)at java.lang.reflect.Constructor.newInstance(Constructor.java:423)at org.openqa.selenium.remote.ErrorHandler.createThrowable(ErrorHandler.java:215)at org.openqa.selenium.remote.ErrorHandler.throwIfResponseFailed(ErrorHandler.java:167)at org.openqa.selenium.remote.http.JsonHttpResponseCodec.reconstructValue(JsonHttpResponseCodec.java:40)at org.openqa.selenium.remote.http.AbstractHttpResponseCodec.decode(AbstractHttpResponseCodec.java:82)at org.openqa.selenium.remote.http.AbstractHttpResponseCodec.decode(AbstractHttpResponseCodec.java:45)at org.openqa.selenium.remote.HttpCommandExecutor.execute(HttpCommandExecutor.java:164)at org.openqa.selenium.remote.service.DriverCommandExecutor.execute(DriverCommandExecutor.java:82)at org.openqa.selenium.remote.RemoteWebDriver.execute(RemoteWebDriver.java:646)at org.openqa.selenium.remote.RemoteWebDriver.execute(RemoteWebDriver.java:703)at org.openqa.selenium.remote.RemoteWebDriver$RemoteWebDriverOptions$RemoteWindow.maximize(RemoteWebDriver.java:934)at resources.base.initializeDriver(base.java:40)at TestSuites.ICJQuickSearch.icjApplicationLoginAndVerifyQuickSearch(ICJQuickSearch.java:64)at sun.reflect.NativeMethodAccessorImpl.invoke0(Native Method)at sun.reflect.NativeMethodAccessorImpl.invoke(NativeMethodAccessorImpl.java:62)at sun.reflect.DelegatingMethodAccessorImpl.invoke(DelegatingMethodAccessorImpl.java:43)at java.lang.reflect.Method.invoke(Method.java:498)at org.testng.internal.MethodInvocationHelper.invokeMethod(MethodInvocationHelper.java:124)at org.testng.internal.Invoker.invokeMethod(Invoker.java:571)at org.testng.internal.Invoker.invokeTestMethod(Invoker.java:707)at org.testng.internal.Invoker.invokeTestMethods(Invoker.java:979)at org.testng.internal.TestMethodWorker.invokeTestMethods(TestMethodWorker.java:125)at org.testng.internal.TestMethodWorker.run(TestMethodWorker.java:109)at org.testng.TestRunner.privateRun(TestRunner.java:648)at org.testng.TestRunner.run(TestRunner.java:505)at org.testng.SuiteRunner.runTest(SuiteRunner.java:455)at org.testng.SuiteRunner.runSequentially(SuiteRunner.java:450)at org.testng.SuiteRunner.privateRun(SuiteRunner.java:415)at org.testng.SuiteRunner.run(SuiteRunner.java:364)at org.testng.SuiteRunnerWorker.runSuite(SuiteRunnerWorker.java:52)at org.testng.SuiteRunnerWorker.run(SuiteRunnerWorker.java:84)at org.testng.TestNG.runSuitesSequentially(TestNG.java:1187)at org.testng.TestNG.runSuitesLocally(TestNG.java:1116)at org.testng.TestNG.runSuites(TestNG.java:1028)at org.testng.TestNG.run(TestNG.java:996)at org.testng.remote.AbstractRemoteTestNG.run(AbstractRemoteTestNG.java:114)at org.testng.remote.RemoteTestNG.initAndRun(RemoteTestNG.java:251)at org.testng.remote.RemoteTestNG.main(RemoteTestNG.java:77)]]>
            </full-stacktrace>
          </exception> <!-- org.openqa.selenium.WebDriverException -->
          <reporter-output>
          </reporter-output>
        </test-method> <!-- icjApplicationLoginAndVerifyQuickSearch -->
        <test-method status="FAIL" signature="getResult(org.testng.ITestResult)[pri:0, instance:TestSuites.ICJQuickSearch@3eb77ea8]" name="getResult" is-config="true" duration-ms="2" started-at="2018-01-17T15:00:08Z" finished-at="2018-01-17T15:00:08Z">
          <params>
            <param index="0">
              <value>
                <![CDATA[[TestResult name=icjApplicationLoginAndVerifyQuickSearch status=FAILURE method=ICJQuickSearch.icjApplicationLoginAndVerifyQuickSearch()[pri:0, instance:TestSuites.ICJQuickSearch@3eb77ea8] output={null}]]]>
              </value>
            </param>
          </params>
          <exception class="java.lang.NullPointerException">
            <full-stacktrace>
              <![CDATA[java.lang.NullPointerExceptionat Utilities.GetScreenShot.capture(GetScreenShot.java:28)at TestSuites.ICJQuickSearch.getResult(ICJQuickSearch.java:229)at sun.reflect.NativeMethodAccessorImpl.invoke0(Native Method)at sun.reflect.NativeMethodAccessorImpl.invoke(NativeMethodAccessorImpl.java:62)at sun.reflect.DelegatingMethodAccessorImpl.invoke(DelegatingMethodAccessorImpl.java:43)at java.lang.reflect.Method.invoke(Method.java:498)at org.testng.internal.MethodInvocationHelper.invokeMethod(MethodInvocationHelper.java:124)at org.testng.internal.MethodInvocationHelper.invokeMethodConsideringTimeout(MethodInvocationHelper.java:59)at org.testng.internal.Invoker.invokeConfigurationMethod(Invoker.java:451)at org.testng.internal.Invoker.invokeConfigurations(Invoker.java:222)at org.testng.internal.Invoker.invokeMethod(Invoker.java:634)at org.testng.internal.Invoker.invokeTestMethod(Invoker.java:707)at org.testng.internal.Invoker.invokeTestMethods(Invoker.java:979)at org.testng.internal.TestMethodWorker.invokeTestMethods(TestMethodWorker.java:125)at org.testng.internal.TestMethodWorker.run(TestMethodWorker.java:109)at org.testng.TestRunner.privateRun(TestRunner.java:648)at org.testng.TestRunner.run(TestRunner.java:505)at org.testng.SuiteRunner.runTest(SuiteRunner.java:455)at org.testng.SuiteRunner.runSequentially(SuiteRunner.java:450)at org.testng.SuiteRunner.privateRun(SuiteRunner.java:415)at org.testng.SuiteRunner.run(SuiteRunner.java:364)at org.testng.SuiteRunnerWorker.runSuite(SuiteRunnerWorker.java:52)at org.testng.SuiteRunnerWorker.run(SuiteRunnerWorker.java:84)at org.testng.TestNG.runSuitesSequentially(TestNG.java:1187)at org.testng.TestNG.runSuitesLocally(TestNG.java:1116)at org.testng.TestNG.runSuites(TestNG.java:1028)at org.testng.TestNG.run(TestNG.java:996)at org.testng.remote.AbstractRemoteTestNG.run(AbstractRemoteTestNG.java:114)at org.testng.remote.RemoteTestNG.initAndRun(RemoteTestNG.java:251)at org.testng.remote.RemoteTestNG.main(RemoteTestNG.java:77)]]>
            </full-stacktrace>
          </exception> <!-- java.lang.NullPointerException -->
          <reporter-output>
          </reporter-output>
        </test-method> <!-- getResult -->
      </class> <!-- TestSuites.ICJQuickSearch -->
      <class name="TestSuites.TMTPSmoke">
        <test-method status="FAIL" signature="smokeTestSuiteTMTPUnRegisteredUser()[pri:0, instance:TestSuites.TMTPSmoke@60b4beb4]" name="smokeTestSuiteTMTPUnRegisteredUser" duration-ms="4" started-at="2018-01-17T15:00:08Z" finished-at="2018-01-17T15:00:08Z">
          <exception class="java.lang.NullPointerException">
            <full-stacktrace>
              <![CDATA[java.lang.NullPointerExceptionat TestSuites.TMTPSmoke.smokeTestSuiteTMTPUnRegisteredUser(TMTPSmoke.java:211)at sun.reflect.NativeMethodAccessorImpl.invoke0(Native Method)at sun.reflect.NativeMethodAccessorImpl.invoke(NativeMethodAccessorImpl.java:62)at sun.reflect.DelegatingMethodAccessorImpl.invoke(DelegatingMethodAccessorImpl.java:43)at java.lang.reflect.Method.invoke(Method.java:498)at org.testng.internal.MethodInvocationHelper.invokeMethod(MethodInvocationHelper.java:124)at org.testng.internal.Invoker.invokeMethod(Invoker.java:571)at org.testng.internal.Invoker.invokeTestMethod(Invoker.java:707)at org.testng.internal.Invoker.invokeTestMethods(Invoker.java:979)at org.testng.internal.TestMethodWorker.invokeTestMethods(TestMethodWorker.java:125)at org.testng.internal.TestMethodWorker.run(TestMethodWorker.java:109)at org.testng.TestRunner.privateRun(TestRunner.java:648)at org.testng.TestRunner.run(TestRunner.java:505)at org.testng.SuiteRunner.runTest(SuiteRunner.java:455)at org.testng.SuiteRunner.runSequentially(SuiteRunner.java:450)at org.testng.SuiteRunner.privateRun(SuiteRunner.java:415)at org.testng.SuiteRunner.run(SuiteRunner.java:364)at org.testng.SuiteRunnerWorker.runSuite(SuiteRunnerWorker.java:52)at org.testng.SuiteRunnerWorker.run(SuiteRunnerWorker.java:84)at org.testng.TestNG.runSuitesSequentially(TestNG.java:1187)at org.testng.TestNG.runSuitesLocally(TestNG.java:1116)at org.testng.TestNG.runSuites(TestNG.java:1028)at org.testng.TestNG.run(TestNG.java:996)at org.testng.remote.AbstractRemoteTestNG.run(AbstractRemoteTestNG.java:114)at org.testng.remote.RemoteTestNG.initAndRun(RemoteTestNG.java:251)at org.testng.remote.RemoteTestNG.main(RemoteTestNG.java:77)]]>
            </full-stacktrace>
          </exception> <!-- java.lang.NullPointerException -->
          <reporter-output>
          </reporter-output>
        </test-method> <!-- smokeTestSuiteTMTPUnRegisteredUser -->
        <test-method status="FAIL" signature="getResult(org.testng.ITestResult)[pri:0, instance:TestSuites.TMTPSmoke@60b4beb4]" name="getResult" is-config="true" duration-ms="0" started-at="2018-01-17T15:00:08Z" finished-at="2018-01-17T15:00:08Z">
          <params>
            <param index="0">
              <value>
                <![CDATA[[TestResult name=smokeTestSuiteTMTPUnRegisteredUser status=FAILURE method=TMTPSmoke.smokeTestSuiteTMTPUnRegisteredUser()[pri:0, instance:TestSuites.TMTPSmoke@60b4beb4] output={null}]]]>
              </value>
            </param>
          </params>
          <exception class="java.lang.NullPointerException">
            <full-stacktrace>
              <![CDATA[java.lang.NullPointerExceptionat Utilities.GetScreenShot.capture(GetScreenShot.java:28)at TestSuites.TMTPSmoke.getResult(TMTPSmoke.java:245)at sun.reflect.NativeMethodAccessorImpl.invoke0(Native Method)at sun.reflect.NativeMethodAccessorImpl.invoke(NativeMethodAccessorImpl.java:62)at sun.reflect.DelegatingMethodAccessorImpl.invoke(DelegatingMethodAccessorImpl.java:43)at java.lang.reflect.Method.invoke(Method.java:498)at org.testng.internal.MethodInvocationHelper.invokeMethod(MethodInvocationHelper.java:124)at org.testng.internal.MethodInvocationHelper.invokeMethodConsideringTimeout(MethodInvocationHelper.java:59)at org.testng.internal.Invoker.invokeConfigurationMethod(Invoker.java:451)at org.testng.internal.Invoker.invokeConfigurations(Invoker.java:222)at org.testng.internal.Invoker.invokeMethod(Invoker.java:634)at org.testng.internal.Invoker.invokeTestMethod(Invoker.java:707)at org.testng.internal.Invoker.invokeTestMethods(Invoker.java:979)at org.testng.internal.TestMethodWorker.invokeTestMethods(TestMethodWorker.java:125)at org.testng.internal.TestMethodWorker.run(TestMethodWorker.java:109)at org.testng.TestRunner.privateRun(TestRunner.java:648)at org.testng.TestRunner.run(TestRunner.java:505)at org.testng.SuiteRunner.runTest(SuiteRunner.java:455)at org.testng.SuiteRunner.runSequentially(SuiteRunner.java:450)at org.testng.SuiteRunner.privateRun(SuiteRunner.java:415)at org.testng.SuiteRunner.run(SuiteRunner.java:364)at org.testng.SuiteRunnerWorker.runSuite(SuiteRunnerWorker.java:52)at org.testng.SuiteRunnerWorker.run(SuiteRunnerWorker.java:84)at org.testng.TestNG.runSuitesSequentially(TestNG.java:1187)at org.testng.TestNG.runSuitesLocally(TestNG.java:1116)at org.testng.TestNG.runSuites(TestNG.java:1028)at org.testng.TestNG.run(TestNG.java:996)at org.testng.remote.AbstractRemoteTestNG.run(AbstractRemoteTestNG.java:114)at org.testng.remote.RemoteTestNG.initAndRun(RemoteTestNG.java:251)at org.testng.remote.RemoteTestNG.main(RemoteTestNG.java:77)]]>
            </full-stacktrace>
          </exception> <!-- java.lang.NullPointerException -->
          <reporter-output>
          </reporter-output>
        </test-method> <!-- getResult -->
      </class> <!-- TestSuites.TMTPSmoke -->
    </test> <!-- Default test -->
  </suite> <!-- Default suite -->
</testng-results>
