<?xml version="1.0" encoding="UTF-8"?>
<testng-results skipped="0" failed="0" ignored="10" total="11" passed="1">
  <reporter-output>
  </reporter-output>
  <suite name="Default suite" duration-ms="114167" started-at="2017-09-15T13:27:15Z" finished-at="2017-09-15T13:29:09Z">
    <groups>
    </groups>
    <test name="Default test" duration-ms="114167" started-at="2017-09-15T13:27:15Z" finished-at="2017-09-15T13:29:09Z">
      <class name="TestSuites.AddMember">
        <test-method status="PASS" signature="init()[pri:0, instance:TestSuites.AddMember@1bd39d3c]" name="init" is-config="true" duration-ms="5007" started-at="2017-09-15T08:27:15Z" finished-at="2017-09-15T08:27:20Z">
          <reporter-output>
          </reporter-output>
        </test-method> <!-- init -->
        <test-method status="PASS" signature="init()[pri:0, instance:TestSuites.AddRemoveMember@341814d3]" name="init" is-config="true" duration-ms="5008" started-at="2017-09-15T08:27:20Z" finished-at="2017-09-15T08:27:25Z">
          <reporter-output>
          </reporter-output>
        </test-method> <!-- init -->
        <test-method status="PASS" signature="init()[pri:0, instance:TestSuites.CaptureScreenshot@6f19ac19]" name="init" is-config="true" duration-ms="5006" started-at="2017-09-15T08:27:25Z" finished-at="2017-09-15T08:27:30Z">
          <reporter-output>
          </reporter-output>
        </test-method> <!-- init -->
        <test-method status="PASS" signature="init()[pri:0, instance:TestSuites.FriendAndFamilyList@56c4278e]" name="init" is-config="true" duration-ms="5008" started-at="2017-09-15T08:27:30Z" finished-at="2017-09-15T08:27:35Z">
          <reporter-output>
          </reporter-output>
        </test-method> <!-- init -->
        <test-method status="PASS" signature="init()[pri:0, instance:TestSuites.HeadlessBrowser@3d246ea3]" name="init" is-config="true" duration-ms="5010" started-at="2017-09-15T08:27:35Z" finished-at="2017-09-15T08:27:40Z">
          <reporter-output>
          </reporter-output>
        </test-method> <!-- init -->
        <test-method status="PASS" signature="initialize()[pri:0, instance:TestSuites.HomePage@20f5281c]" name="initialize" is-config="true" duration-ms="1" started-at="2017-09-15T08:27:40Z" finished-at="2017-09-15T08:27:40Z">
          <reporter-output>
          </reporter-output>
        </test-method> <!-- initialize -->
        <test-method status="PASS" signature="init()[pri:0, instance:TestSuites.ICJQuickSearch@5b67bb7e]" name="init" is-config="true" duration-ms="5007" started-at="2017-09-15T08:27:40Z" finished-at="2017-09-15T08:27:45Z">
          <reporter-output>
          </reporter-output>
        </test-method> <!-- init -->
        <test-method status="PASS" signature="init()[pri:0, instance:TestSuites.LobbyLoginOnQPortfolio@4397ad89]" name="init" is-config="true" duration-ms="5005" started-at="2017-09-15T08:27:45Z" finished-at="2017-09-15T08:27:50Z">
          <reporter-output>
          </reporter-output>
        </test-method> <!-- init -->
        <test-method status="PASS" signature="init()[pri:0, instance:TestSuites.Register@609db546]" name="init" is-config="true" duration-ms="5007" started-at="2017-09-15T08:27:50Z" finished-at="2017-09-15T08:27:55Z">
          <reporter-output>
          </reporter-output>
        </test-method> <!-- init -->
        <test-method status="PASS" signature="init()[pri:0, instance:TestSuites.RemoveMember@7c214cc0]" name="init" is-config="true" duration-ms="5008" started-at="2017-09-15T08:27:55Z" finished-at="2017-09-15T08:28:00Z">
          <reporter-output>
          </reporter-output>
        </test-method> <!-- init -->
        <test-method status="PASS" signature="init()[pri:0, instance:TestSuites.VerifyElements@301eda63]" name="init" is-config="true" duration-ms="5005" started-at="2017-09-15T08:28:00Z" finished-at="2017-09-15T08:28:05Z">
          <reporter-output>
          </reporter-output>
        </test-method> <!-- init -->
        <test-method status="PASS" signature="init()[pri:0, instance:TestSuites.VerifyLogout@59cba5a]" name="init" is-config="true" duration-ms="5007" started-at="2017-09-15T08:28:05Z" finished-at="2017-09-15T08:28:10Z">
          <reporter-output>
          </reporter-output>
        </test-method> <!-- init -->
        <test-method status="PASS" signature="endReport()[pri:0, instance:TestSuites.AddMember@1bd39d3c]" name="endReport" is-config="true" duration-ms="198" started-at="2017-09-15T08:29:09Z" finished-at="2017-09-15T08:29:09Z">
          <reporter-output>
          </reporter-output>
        </test-method> <!-- endReport -->
        <test-method status="PASS" signature="endReport()[pri:0, instance:TestSuites.AddRemoveMember@341814d3]" name="endReport" is-config="true" duration-ms="36" started-at="2017-09-15T08:29:09Z" finished-at="2017-09-15T08:29:09Z">
          <reporter-output>
          </reporter-output>
        </test-method> <!-- endReport -->
        <test-method status="PASS" signature="endReport()[pri:0, instance:TestSuites.CaptureScreenshot@6f19ac19]" name="endReport" is-config="true" duration-ms="37" started-at="2017-09-15T08:29:09Z" finished-at="2017-09-15T08:29:09Z">
          <reporter-output>
          </reporter-output>
        </test-method> <!-- endReport -->
        <test-method status="PASS" signature="endReport()[pri:0, instance:TestSuites.FriendAndFamilyList@56c4278e]" name="endReport" is-config="true" duration-ms="37" started-at="2017-09-15T08:29:09Z" finished-at="2017-09-15T08:29:09Z">
          <reporter-output>
          </reporter-output>
        </test-method> <!-- endReport -->
        <test-method status="PASS" signature="endReport()[pri:0, instance:TestSuites.HeadlessBrowser@3d246ea3]" name="endReport" is-config="true" duration-ms="39" started-at="2017-09-15T08:29:09Z" finished-at="2017-09-15T08:29:09Z">
          <reporter-output>
          </reporter-output>
        </test-method> <!-- endReport -->
        <test-method status="PASS" signature="teardown()[pri:0, instance:TestSuites.HomePage@20f5281c]" name="teardown" is-config="true" duration-ms="31" started-at="2017-09-15T08:29:09Z" finished-at="2017-09-15T08:29:09Z">
          <reporter-output>
          </reporter-output>
        </test-method> <!-- teardown -->
        <test-method status="PASS" signature="endReport()[pri:0, instance:TestSuites.ICJQuickSearch@5b67bb7e]" name="endReport" is-config="true" duration-ms="41" started-at="2017-09-15T08:29:09Z" finished-at="2017-09-15T08:29:09Z">
          <reporter-output>
          </reporter-output>
        </test-method> <!-- endReport -->
        <test-method status="PASS" signature="endReport()[pri:0, instance:TestSuites.LobbyLoginOnQPortfolio@4397ad89]" name="endReport" is-config="true" duration-ms="33" started-at="2017-09-15T08:29:09Z" finished-at="2017-09-15T08:29:09Z">
          <reporter-output>
          </reporter-output>
        </test-method> <!-- endReport -->
        <test-method status="PASS" signature="endReport()[pri:0, instance:TestSuites.Register@609db546]" name="endReport" is-config="true" duration-ms="34" started-at="2017-09-15T08:29:09Z" finished-at="2017-09-15T08:29:09Z">
          <reporter-output>
          </reporter-output>
        </test-method> <!-- endReport -->
        <test-method status="PASS" signature="endReport()[pri:0, instance:TestSuites.RemoveMember@7c214cc0]" name="endReport" is-config="true" duration-ms="33" started-at="2017-09-15T08:29:09Z" finished-at="2017-09-15T08:29:09Z">
          <reporter-output>
          </reporter-output>
        </test-method> <!-- endReport -->
        <test-method status="PASS" signature="endReport()[pri:0, instance:TestSuites.VerifyElements@301eda63]" name="endReport" is-config="true" duration-ms="38" started-at="2017-09-15T08:29:09Z" finished-at="2017-09-15T08:29:09Z">
          <reporter-output>
          </reporter-output>
        </test-method> <!-- endReport -->
        <test-method status="PASS" signature="endReport()[pri:0, instance:TestSuites.VerifyLogout@59cba5a]" name="endReport" is-config="true" duration-ms="32" started-at="2017-09-15T08:29:09Z" finished-at="2017-09-15T08:29:09Z">
          <reporter-output>
          </reporter-output>
        </test-method> <!-- endReport -->
      </class> <!-- TestSuites.AddMember -->
      <class name="TestSuites.ICJQuickSearch">
        <test-method status="PASS" signature="icjApplicationLoginAndVerifyQuickSearch()[pri:0, instance:TestSuites.ICJQuickSearch@5b67bb7e]" name="icjApplicationLoginAndVerifyQuickSearch" duration-ms="58482" started-at="2017-09-15T08:28:10Z" finished-at="2017-09-15T08:29:09Z">
          <reporter-output>
          </reporter-output>
        </test-method> <!-- icjApplicationLoginAndVerifyQuickSearch -->
        <test-method status="PASS" signature="getResult(org.testng.ITestResult)[pri:0, instance:TestSuites.ICJQuickSearch@5b67bb7e]" name="getResult" is-config="true" duration-ms="3" started-at="2017-09-15T08:29:09Z" finished-at="2017-09-15T08:29:09Z">
          <params>
            <param index="0">
              <value>
                <![CDATA[[TestResult name=icjApplicationLoginAndVerifyQuickSearch status=SUCCESS method=ICJQuickSearch.icjApplicationLoginAndVerifyQuickSearch()[pri:0, instance:TestSuites.ICJQuickSearch@5b67bb7e] output={null}]]]>
              </value>
            </param>
          </params>
          <reporter-output>
          </reporter-output>
        </test-method> <!-- getResult -->
      </class> <!-- TestSuites.ICJQuickSearch -->
    </test> <!-- Default test -->
  </suite> <!-- Default suite -->
</testng-results>
