<?xml version="1.0" encoding="UTF-8"?>
<testng-results skipped="0" failed="0" ignored="9" total="10" passed="1">
  <reporter-output>
  </reporter-output>
  <suite name="Default suite" duration-ms="87672" started-at="2017-09-08T18:58:04Z" finished-at="2017-09-08T18:59:31Z">
    <groups>
    </groups>
    <test name="Default test" duration-ms="87672" started-at="2017-09-08T18:58:04Z" finished-at="2017-09-08T18:59:31Z">
      <class name="TestSuites.AddMember">
        <test-method status="PASS" signature="init()[pri:0, instance:TestSuites.AddMember@41294f8]" name="init" is-config="true" duration-ms="5015" started-at="2017-09-08T13:58:04Z" finished-at="2017-09-08T13:58:09Z">
          <reporter-output>
          </reporter-output>
        </test-method> <!-- init -->
        <test-method status="PASS" signature="init()[pri:0, instance:TestSuites.AddRemoveMember@7fcf2fc1]" name="init" is-config="true" duration-ms="5007" started-at="2017-09-08T13:58:09Z" finished-at="2017-09-08T13:58:14Z">
          <reporter-output>
          </reporter-output>
        </test-method> <!-- init -->
        <test-method status="PASS" signature="init()[pri:0, instance:TestSuites.CaptureScreenshot@225129c]" name="init" is-config="true" duration-ms="5009" started-at="2017-09-08T13:58:14Z" finished-at="2017-09-08T13:58:19Z">
          <reporter-output>
          </reporter-output>
        </test-method> <!-- init -->
        <test-method status="PASS" signature="init()[pri:0, instance:TestSuites.FriendAndFamilyList@41005828]" name="init" is-config="true" duration-ms="5012" started-at="2017-09-08T13:58:19Z" finished-at="2017-09-08T13:58:24Z">
          <reporter-output>
          </reporter-output>
        </test-method> <!-- init -->
        <test-method status="PASS" signature="initialize()[pri:0, instance:TestSuites.HomePage@44c73c26]" name="initialize" is-config="true" duration-ms="0" started-at="2017-09-08T13:58:24Z" finished-at="2017-09-08T13:58:24Z">
          <reporter-output>
          </reporter-output>
        </test-method> <!-- initialize -->
        <test-method status="PASS" signature="init()[pri:0, instance:TestSuites.LobbyLoginOnQPortfolio@2141a12]" name="init" is-config="true" duration-ms="5009" started-at="2017-09-08T13:58:24Z" finished-at="2017-09-08T13:58:29Z">
          <reporter-output>
          </reporter-output>
        </test-method> <!-- init -->
        <test-method status="PASS" signature="init()[pri:0, instance:TestSuites.Register@7aaca91a]" name="init" is-config="true" duration-ms="5009" started-at="2017-09-08T13:58:29Z" finished-at="2017-09-08T13:58:34Z">
          <reporter-output>
          </reporter-output>
        </test-method> <!-- init -->
        <test-method status="PASS" signature="init()[pri:0, instance:TestSuites.RemoveMember@7b8b43c7]" name="init" is-config="true" duration-ms="5006" started-at="2017-09-08T13:58:34Z" finished-at="2017-09-08T13:58:39Z">
          <reporter-output>
          </reporter-output>
        </test-method> <!-- init -->
        <test-method status="PASS" signature="init()[pri:0, instance:TestSuites.VerifyElements@60b4beb4]" name="init" is-config="true" duration-ms="5008" started-at="2017-09-08T13:58:39Z" finished-at="2017-09-08T13:58:44Z">
          <reporter-output>
          </reporter-output>
        </test-method> <!-- init -->
        <test-method status="PASS" signature="init()[pri:0, instance:TestSuites.VerifyLogout@4196c360]" name="init" is-config="true" duration-ms="5009" started-at="2017-09-08T13:58:44Z" finished-at="2017-09-08T13:58:49Z">
          <reporter-output>
          </reporter-output>
        </test-method> <!-- init -->
        <test-method status="PASS" signature="endReport()[pri:0, instance:TestSuites.AddMember@41294f8]" name="endReport" is-config="true" duration-ms="218" started-at="2017-09-08T13:59:31Z" finished-at="2017-09-08T13:59:31Z">
          <reporter-output>
          </reporter-output>
        </test-method> <!-- endReport -->
        <test-method status="PASS" signature="endReport()[pri:0, instance:TestSuites.AddRemoveMember@7fcf2fc1]" name="endReport" is-config="true" duration-ms="49" started-at="2017-09-08T13:59:31Z" finished-at="2017-09-08T13:59:31Z">
          <reporter-output>
          </reporter-output>
        </test-method> <!-- endReport -->
        <test-method status="PASS" signature="endReport()[pri:0, instance:TestSuites.CaptureScreenshot@225129c]" name="endReport" is-config="true" duration-ms="30" started-at="2017-09-08T13:59:31Z" finished-at="2017-09-08T13:59:31Z">
          <reporter-output>
          </reporter-output>
        </test-method> <!-- endReport -->
        <test-method status="PASS" signature="endReport()[pri:0, instance:TestSuites.FriendAndFamilyList@41005828]" name="endReport" is-config="true" duration-ms="29" started-at="2017-09-08T13:59:31Z" finished-at="2017-09-08T13:59:31Z">
          <reporter-output>
          </reporter-output>
        </test-method> <!-- endReport -->
        <test-method status="PASS" signature="teardown()[pri:0, instance:TestSuites.HomePage@44c73c26]" name="teardown" is-config="true" duration-ms="28" started-at="2017-09-08T13:59:31Z" finished-at="2017-09-08T13:59:31Z">
          <reporter-output>
          </reporter-output>
        </test-method> <!-- teardown -->
        <test-method status="PASS" signature="endReport()[pri:0, instance:TestSuites.LobbyLoginOnQPortfolio@2141a12]" name="endReport" is-config="true" duration-ms="27" started-at="2017-09-08T13:59:31Z" finished-at="2017-09-08T13:59:31Z">
          <reporter-output>
          </reporter-output>
        </test-method> <!-- endReport -->
        <test-method status="PASS" signature="endReport()[pri:0, instance:TestSuites.Register@7aaca91a]" name="endReport" is-config="true" duration-ms="26" started-at="2017-09-08T13:59:31Z" finished-at="2017-09-08T13:59:31Z">
          <reporter-output>
          </reporter-output>
        </test-method> <!-- endReport -->
        <test-method status="PASS" signature="endReport()[pri:0, instance:TestSuites.RemoveMember@7b8b43c7]" name="endReport" is-config="true" duration-ms="27" started-at="2017-09-08T13:59:31Z" finished-at="2017-09-08T13:59:31Z">
          <reporter-output>
          </reporter-output>
        </test-method> <!-- endReport -->
        <test-method status="PASS" signature="endReport()[pri:0, instance:TestSuites.VerifyElements@60b4beb4]" name="endReport" is-config="true" duration-ms="27" started-at="2017-09-08T13:59:31Z" finished-at="2017-09-08T13:59:31Z">
          <reporter-output>
          </reporter-output>
        </test-method> <!-- endReport -->
        <test-method status="PASS" signature="endReport()[pri:0, instance:TestSuites.VerifyLogout@4196c360]" name="endReport" is-config="true" duration-ms="31" started-at="2017-09-08T13:59:31Z" finished-at="2017-09-08T13:59:31Z">
          <reporter-output>
          </reporter-output>
        </test-method> <!-- endReport -->
      </class> <!-- TestSuites.AddMember -->
      <class name="TestSuites.AddRemoveMember">
        <test-method status="PASS" signature="verifyLobbyLoginGotoMyApplicationsAndTMTP()[pri:0, instance:TestSuites.AddRemoveMember@7fcf2fc1]" name="verifyLobbyLoginGotoMyApplicationsAndTMTP" duration-ms="42079" started-at="2017-09-08T13:58:49Z" finished-at="2017-09-08T13:59:31Z">
          <reporter-output>
          </reporter-output>
        </test-method> <!-- verifyLobbyLoginGotoMyApplicationsAndTMTP -->
        <test-method status="PASS" signature="getResult(org.testng.ITestResult)[pri:0, instance:TestSuites.AddRemoveMember@7fcf2fc1]" name="getResult" is-config="true" duration-ms="3" started-at="2017-09-08T13:59:31Z" finished-at="2017-09-08T13:59:31Z">
          <params>
            <param index="0">
              <value>
                <![CDATA[[TestResult name=verifyLobbyLoginGotoMyApplicationsAndTMTP status=SUCCESS method=AddRemoveMember.verifyLobbyLoginGotoMyApplicationsAndTMTP()[pri:0, instance:TestSuites.AddRemoveMember@7fcf2fc1] output={null}]]]>
              </value>
            </param>
          </params>
          <reporter-output>
          </reporter-output>
        </test-method> <!-- getResult -->
      </class> <!-- TestSuites.AddRemoveMember -->
    </test> <!-- Default test -->
  </suite> <!-- Default suite -->
</testng-results>
