<?xml version="1.0" encoding="UTF-8"?>
<testng-results skipped="2" failed="0" ignored="11" total="13" passed="0">
  <reporter-output>
  </reporter-output>
  <suite name="Default suite" duration-ms="50227" started-at="2017-09-22T14:41:27Z" finished-at="2017-09-22T14:42:17Z">
    <groups>
    </groups>
    <test name="Default test" duration-ms="50227" started-at="2017-09-22T14:41:27Z" finished-at="2017-09-22T14:42:17Z">
      <class name="TestSuites.AddMember">
        <test-method status="PASS" signature="init()[pri:0, instance:TestSuites.AddMember@59e505b2]" name="init" is-config="true" duration-ms="5013" started-at="2017-09-22T09:41:27Z" finished-at="2017-09-22T09:41:32Z">
          <reporter-output>
          </reporter-output>
        </test-method> <!-- init -->
        <test-method status="PASS" signature="init()[pri:0, instance:TestSuites.AddRemoveMember@14bee915]" name="init" is-config="true" duration-ms="5005" started-at="2017-09-22T09:41:32Z" finished-at="2017-09-22T09:41:37Z">
          <reporter-output>
          </reporter-output>
        </test-method> <!-- init -->
        <test-method status="PASS" signature="init()[pri:0, instance:TestSuites.CaptureScreenshot@3af0a9da]" name="init" is-config="true" duration-ms="5008" started-at="2017-09-22T09:41:37Z" finished-at="2017-09-22T09:41:42Z">
          <reporter-output>
          </reporter-output>
        </test-method> <!-- init -->
        <test-method status="PASS" signature="init()[pri:0, instance:TestSuites.FriendAndFamilyList@4ddbbdf8]" name="init" is-config="true" duration-ms="5007" started-at="2017-09-22T09:41:42Z" finished-at="2017-09-22T09:41:47Z">
          <reporter-output>
          </reporter-output>
        </test-method> <!-- init -->
        <test-method status="PASS" signature="init()[pri:0, instance:TestSuites.HeadlessBrowser@41ab013]" name="init" is-config="true" duration-ms="5019" started-at="2017-09-22T09:41:47Z" finished-at="2017-09-22T09:41:52Z">
          <reporter-output>
          </reporter-output>
        </test-method> <!-- init -->
        <test-method status="PASS" signature="initialize()[pri:0, instance:TestSuites.HomePage@455b6df1]" name="initialize" is-config="true" duration-ms="1" started-at="2017-09-22T09:41:52Z" finished-at="2017-09-22T09:41:52Z">
          <reporter-output>
          </reporter-output>
        </test-method> <!-- initialize -->
        <test-method status="PASS" signature="init()[pri:0, instance:TestSuites.ICJQuickSearch@5454d35e]" name="init" is-config="true" duration-ms="5007" started-at="2017-09-22T09:41:52Z" finished-at="2017-09-22T09:41:57Z">
          <reporter-output>
          </reporter-output>
        </test-method> <!-- init -->
        <test-method status="PASS" signature="init()[pri:0, instance:TestSuites.LobbyLoginOnQPortfolio@1115ec15]" name="init" is-config="true" duration-ms="5003" started-at="2017-09-22T09:41:57Z" finished-at="2017-09-22T09:42:02Z">
          <reporter-output>
          </reporter-output>
        </test-method> <!-- init -->
        <test-method status="PASS" signature="init()[pri:0, instance:TestSuites.Register@20c0a64d]" name="init" is-config="true" duration-ms="5005" started-at="2017-09-22T09:42:02Z" finished-at="2017-09-22T09:42:07Z">
          <reporter-output>
          </reporter-output>
        </test-method> <!-- init -->
        <test-method status="PASS" signature="init()[pri:0, instance:TestSuites.RemoveMember@768fc0f2]" name="init" is-config="true" duration-ms="5008" started-at="2017-09-22T09:42:07Z" finished-at="2017-09-22T09:42:12Z">
          <reporter-output>
          </reporter-output>
        </test-method> <!-- init -->
        <test-method status="FAIL" signature="init()[pri:0, instance:TestSuites.TMTPSmoke@1ab06251]" name="init" is-config="true" duration-ms="5117" started-at="2017-09-22T09:42:12Z" finished-at="2017-09-22T09:42:17Z">
          <exception class="java.lang.IllegalStateException">
            <message>
              <![CDATA[The path to the driver executable must be set by the webdriver.gecko.driver system property; for more information, see https://github.com/mozilla/geckodriver. The latest version can be downloaded from https://github.com/mozilla/geckodriver/releases]]>
            </message>
            <full-stacktrace>
              <![CDATA[java.lang.IllegalStateException: The path to the driver executable must be set by the webdriver.gecko.driver system property; for more information, see https://github.com/mozilla/geckodriver. The latest version can be downloaded from https://github.com/mozilla/geckodriver/releases
	at com.google.common.base.Preconditions.checkState(Preconditions.java:738)
	at org.openqa.selenium.remote.service.DriverService.findExecutable(DriverService.java:124)
	at org.openqa.selenium.firefox.GeckoDriverService.access$100(GeckoDriverService.java:41)
	at org.openqa.selenium.firefox.GeckoDriverService$Builder.findDefaultExecutable(GeckoDriverService.java:115)
	at org.openqa.selenium.remote.service.DriverService$Builder.build(DriverService.java:330)
	at org.openqa.selenium.firefox.FirefoxDriver.toExecutor(FirefoxDriver.java:207)
	at org.openqa.selenium.firefox.FirefoxDriver.<init>(FirefoxDriver.java:108)
	at org.openqa.selenium.firefox.FirefoxDriver.<init>(FirefoxDriver.java:104)
	at resources.base.initializeDriver(base.java:48)
	at TestSuites.TMTPSmoke.init(TMTPSmoke.java:53)
	at sun.reflect.NativeMethodAccessorImpl.invoke0(Native Method)
	at sun.reflect.NativeMethodAccessorImpl.invoke(NativeMethodAccessorImpl.java:62)
	at sun.reflect.DelegatingMethodAccessorImpl.invoke(DelegatingMethodAccessorImpl.java:43)
	at java.lang.reflect.Method.invoke(Method.java:498)
	at org.testng.internal.MethodInvocationHelper.invokeMethod(MethodInvocationHelper.java:108)
	at org.testng.internal.Invoker.invokeConfigurationMethod(Invoker.java:523)
	at org.testng.internal.Invoker.invokeConfigurations(Invoker.java:224)
	at org.testng.internal.Invoker.invokeConfigurations(Invoker.java:146)
	at org.testng.TestRunner.beforeRun(TestRunner.java:658)
	at org.testng.TestRunner.run(TestRunner.java:626)
	at org.testng.SuiteRunner.runTest(SuiteRunner.java:425)
	at org.testng.SuiteRunner.runSequentially(SuiteRunner.java:420)
	at org.testng.SuiteRunner.privateRun(SuiteRunner.java:385)
	at org.testng.SuiteRunner.run(SuiteRunner.java:334)
	at org.testng.SuiteRunnerWorker.runSuite(SuiteRunnerWorker.java:52)
	at org.testng.SuiteRunnerWorker.run(SuiteRunnerWorker.java:86)
	at org.testng.TestNG.runSuitesSequentially(TestNG.java:1318)
	at org.testng.TestNG.runSuitesLocally(TestNG.java:1243)
	at org.testng.TestNG.runSuites(TestNG.java:1161)
	at org.testng.TestNG.run(TestNG.java:1129)
	at org.testng.remote.AbstractRemoteTestNG.run(AbstractRemoteTestNG.java:114)
	at org.testng.remote.RemoteTestNG.initAndRun(RemoteTestNG.java:251)
	at org.testng.remote.RemoteTestNG.main(RemoteTestNG.java:77)
]]>
            </full-stacktrace>
          </exception> <!-- java.lang.IllegalStateException -->
          <reporter-output>
          </reporter-output>
        </test-method> <!-- init -->
        <test-method status="SKIP" signature="init()[pri:0, instance:TestSuites.VerifyElements@3f67593e]" name="init" is-config="true" duration-ms="0" started-at="2017-09-22T09:42:17Z" finished-at="2017-09-22T09:42:17Z">
          <reporter-output>
          </reporter-output>
        </test-method> <!-- init -->
        <test-method status="SKIP" signature="init()[pri:0, instance:TestSuites.VerifyLogout@82ea68c]" name="init" is-config="true" duration-ms="0" started-at="2017-09-22T09:42:17Z" finished-at="2017-09-22T09:42:17Z">
          <reporter-output>
          </reporter-output>
        </test-method> <!-- init -->
        <test-method status="SKIP" signature="endReport()[pri:0, instance:TestSuites.AddMember@59e505b2]" name="endReport" is-config="true" duration-ms="0" started-at="2017-09-22T09:42:17Z" finished-at="2017-09-22T09:42:17Z">
          <reporter-output>
          </reporter-output>
        </test-method> <!-- endReport -->
        <test-method status="SKIP" signature="endReport()[pri:0, instance:TestSuites.AddRemoveMember@14bee915]" name="endReport" is-config="true" duration-ms="0" started-at="2017-09-22T09:42:17Z" finished-at="2017-09-22T09:42:17Z">
          <reporter-output>
          </reporter-output>
        </test-method> <!-- endReport -->
        <test-method status="SKIP" signature="endReport()[pri:0, instance:TestSuites.CaptureScreenshot@3af0a9da]" name="endReport" is-config="true" duration-ms="0" started-at="2017-09-22T09:42:17Z" finished-at="2017-09-22T09:42:17Z">
          <reporter-output>
          </reporter-output>
        </test-method> <!-- endReport -->
        <test-method status="SKIP" signature="endReport()[pri:0, instance:TestSuites.HeadlessBrowser@41ab013]" name="endReport" is-config="true" duration-ms="0" started-at="2017-09-22T09:42:17Z" finished-at="2017-09-22T09:42:17Z">
          <reporter-output>
          </reporter-output>
        </test-method> <!-- endReport -->
        <test-method status="SKIP" signature="endReport()[pri:0, instance:TestSuites.FriendAndFamilyList@4ddbbdf8]" name="endReport" is-config="true" duration-ms="0" started-at="2017-09-22T09:42:17Z" finished-at="2017-09-22T09:42:17Z">
          <reporter-output>
          </reporter-output>
        </test-method> <!-- endReport -->
        <test-method status="SKIP" signature="teardown()[pri:0, instance:TestSuites.HomePage@455b6df1]" name="teardown" is-config="true" duration-ms="0" started-at="2017-09-22T09:42:17Z" finished-at="2017-09-22T09:42:17Z">
          <reporter-output>
          </reporter-output>
        </test-method> <!-- teardown -->
        <test-method status="SKIP" signature="endReport()[pri:0, instance:TestSuites.ICJQuickSearch@5454d35e]" name="endReport" is-config="true" duration-ms="0" started-at="2017-09-22T09:42:17Z" finished-at="2017-09-22T09:42:17Z">
          <reporter-output>
          </reporter-output>
        </test-method> <!-- endReport -->
        <test-method status="SKIP" signature="endReport()[pri:0, instance:TestSuites.LobbyLoginOnQPortfolio@1115ec15]" name="endReport" is-config="true" duration-ms="0" started-at="2017-09-22T09:42:17Z" finished-at="2017-09-22T09:42:17Z">
          <reporter-output>
          </reporter-output>
        </test-method> <!-- endReport -->
        <test-method status="SKIP" signature="endReport()[pri:0, instance:TestSuites.RemoveMember@768fc0f2]" name="endReport" is-config="true" duration-ms="0" started-at="2017-09-22T09:42:17Z" finished-at="2017-09-22T09:42:17Z">
          <reporter-output>
          </reporter-output>
        </test-method> <!-- endReport -->
        <test-method status="SKIP" signature="endReport()[pri:0, instance:TestSuites.Register@20c0a64d]" name="endReport" is-config="true" duration-ms="0" started-at="2017-09-22T09:42:17Z" finished-at="2017-09-22T09:42:17Z">
          <reporter-output>
          </reporter-output>
        </test-method> <!-- endReport -->
        <test-method status="SKIP" signature="endReport()[pri:0, instance:TestSuites.TMTPSmoke@1ab06251]" name="endReport" is-config="true" duration-ms="0" started-at="2017-09-22T09:42:17Z" finished-at="2017-09-22T09:42:17Z">
          <reporter-output>
          </reporter-output>
        </test-method> <!-- endReport -->
        <test-method status="SKIP" signature="endReport()[pri:0, instance:TestSuites.VerifyLogout@82ea68c]" name="endReport" is-config="true" duration-ms="0" started-at="2017-09-22T09:42:17Z" finished-at="2017-09-22T09:42:17Z">
          <reporter-output>
          </reporter-output>
        </test-method> <!-- endReport -->
        <test-method status="SKIP" signature="endReport()[pri:0, instance:TestSuites.VerifyElements@3f67593e]" name="endReport" is-config="true" duration-ms="0" started-at="2017-09-22T09:42:17Z" finished-at="2017-09-22T09:42:17Z">
          <reporter-output>
          </reporter-output>
        </test-method> <!-- endReport -->
      </class> <!-- TestSuites.AddMember -->
      <class name="TestSuites.ICJQuickSearch">
        <test-method status="SKIP" signature="icjApplicationLoginAndVerifyQuickSearch()[pri:0, instance:TestSuites.ICJQuickSearch@5454d35e]" name="icjApplicationLoginAndVerifyQuickSearch" duration-ms="0" started-at="2017-09-22T09:42:17Z" finished-at="2017-09-22T09:42:17Z">
          <exception class="java.lang.IllegalStateException">
            <message>
              <![CDATA[The path to the driver executable must be set by the webdriver.gecko.driver system property; for more information, see https://github.com/mozilla/geckodriver. The latest version can be downloaded from https://github.com/mozilla/geckodriver/releases]]>
            </message>
            <full-stacktrace>
              <![CDATA[java.lang.IllegalStateException: The path to the driver executable must be set by the webdriver.gecko.driver system property; for more information, see https://github.com/mozilla/geckodriver. The latest version can be downloaded from https://github.com/mozilla/geckodriver/releases
	at com.google.common.base.Preconditions.checkState(Preconditions.java:738)
	at org.openqa.selenium.remote.service.DriverService.findExecutable(DriverService.java:124)
	at org.openqa.selenium.firefox.GeckoDriverService.access$100(GeckoDriverService.java:41)
	at org.openqa.selenium.firefox.GeckoDriverService$Builder.findDefaultExecutable(GeckoDriverService.java:115)
	at org.openqa.selenium.remote.service.DriverService$Builder.build(DriverService.java:330)
	at org.openqa.selenium.firefox.FirefoxDriver.toExecutor(FirefoxDriver.java:207)
	at org.openqa.selenium.firefox.FirefoxDriver.<init>(FirefoxDriver.java:108)
	at org.openqa.selenium.firefox.FirefoxDriver.<init>(FirefoxDriver.java:104)
	at resources.base.initializeDriver(base.java:48)
	at TestSuites.TMTPSmoke.init(TMTPSmoke.java:53)
	at sun.reflect.NativeMethodAccessorImpl.invoke0(Native Method)
	at sun.reflect.NativeMethodAccessorImpl.invoke(NativeMethodAccessorImpl.java:62)
	at sun.reflect.DelegatingMethodAccessorImpl.invoke(DelegatingMethodAccessorImpl.java:43)
	at java.lang.reflect.Method.invoke(Method.java:498)
	at org.testng.internal.MethodInvocationHelper.invokeMethod(MethodInvocationHelper.java:108)
	at org.testng.internal.Invoker.invokeConfigurationMethod(Invoker.java:523)
	at org.testng.internal.Invoker.invokeConfigurations(Invoker.java:224)
	at org.testng.internal.Invoker.invokeConfigurations(Invoker.java:146)
	at org.testng.TestRunner.beforeRun(TestRunner.java:658)
	at org.testng.TestRunner.run(TestRunner.java:626)
	at org.testng.SuiteRunner.runTest(SuiteRunner.java:425)
	at org.testng.SuiteRunner.runSequentially(SuiteRunner.java:420)
	at org.testng.SuiteRunner.privateRun(SuiteRunner.java:385)
	at org.testng.SuiteRunner.run(SuiteRunner.java:334)
	at org.testng.SuiteRunnerWorker.runSuite(SuiteRunnerWorker.java:52)
	at org.testng.SuiteRunnerWorker.run(SuiteRunnerWorker.java:86)
	at org.testng.TestNG.runSuitesSequentially(TestNG.java:1318)
	at org.testng.TestNG.runSuitesLocally(TestNG.java:1243)
	at org.testng.TestNG.runSuites(TestNG.java:1161)
	at org.testng.TestNG.run(TestNG.java:1129)
	at org.testng.remote.AbstractRemoteTestNG.run(AbstractRemoteTestNG.java:114)
	at org.testng.remote.RemoteTestNG.initAndRun(RemoteTestNG.java:251)
	at org.testng.remote.RemoteTestNG.main(RemoteTestNG.java:77)
]]>
            </full-stacktrace>
          </exception> <!-- java.lang.IllegalStateException -->
          <reporter-output>
          </reporter-output>
        </test-method> <!-- icjApplicationLoginAndVerifyQuickSearch -->
        <test-method status="SKIP" signature="getResult(org.testng.ITestResult)[pri:0, instance:TestSuites.ICJQuickSearch@5454d35e]" name="getResult" is-config="true" duration-ms="0" started-at="2017-09-22T09:42:17Z" finished-at="2017-09-22T09:42:17Z">
          <reporter-output>
          </reporter-output>
        </test-method> <!-- getResult -->
      </class> <!-- TestSuites.ICJQuickSearch -->
      <class name="TestSuites.TMTPSmoke">
        <test-method status="SKIP" signature="smokeTestSuiteTMTPUnRegisteredUser()[pri:0, instance:TestSuites.TMTPSmoke@1ab06251]" name="smokeTestSuiteTMTPUnRegisteredUser" duration-ms="0" started-at="2017-09-22T09:42:17Z" finished-at="2017-09-22T09:42:17Z">
          <exception class="java.lang.IllegalStateException">
            <message>
              <![CDATA[The path to the driver executable must be set by the webdriver.gecko.driver system property; for more information, see https://github.com/mozilla/geckodriver. The latest version can be downloaded from https://github.com/mozilla/geckodriver/releases]]>
            </message>
            <full-stacktrace>
              <![CDATA[java.lang.IllegalStateException: The path to the driver executable must be set by the webdriver.gecko.driver system property; for more information, see https://github.com/mozilla/geckodriver. The latest version can be downloaded from https://github.com/mozilla/geckodriver/releases
	at com.google.common.base.Preconditions.checkState(Preconditions.java:738)
	at org.openqa.selenium.remote.service.DriverService.findExecutable(DriverService.java:124)
	at org.openqa.selenium.firefox.GeckoDriverService.access$100(GeckoDriverService.java:41)
	at org.openqa.selenium.firefox.GeckoDriverService$Builder.findDefaultExecutable(GeckoDriverService.java:115)
	at org.openqa.selenium.remote.service.DriverService$Builder.build(DriverService.java:330)
	at org.openqa.selenium.firefox.FirefoxDriver.toExecutor(FirefoxDriver.java:207)
	at org.openqa.selenium.firefox.FirefoxDriver.<init>(FirefoxDriver.java:108)
	at org.openqa.selenium.firefox.FirefoxDriver.<init>(FirefoxDriver.java:104)
	at resources.base.initializeDriver(base.java:48)
	at TestSuites.TMTPSmoke.init(TMTPSmoke.java:53)
	at sun.reflect.NativeMethodAccessorImpl.invoke0(Native Method)
	at sun.reflect.NativeMethodAccessorImpl.invoke(NativeMethodAccessorImpl.java:62)
	at sun.reflect.DelegatingMethodAccessorImpl.invoke(DelegatingMethodAccessorImpl.java:43)
	at java.lang.reflect.Method.invoke(Method.java:498)
	at org.testng.internal.MethodInvocationHelper.invokeMethod(MethodInvocationHelper.java:108)
	at org.testng.internal.Invoker.invokeConfigurationMethod(Invoker.java:523)
	at org.testng.internal.Invoker.invokeConfigurations(Invoker.java:224)
	at org.testng.internal.Invoker.invokeConfigurations(Invoker.java:146)
	at org.testng.TestRunner.beforeRun(TestRunner.java:658)
	at org.testng.TestRunner.run(TestRunner.java:626)
	at org.testng.SuiteRunner.runTest(SuiteRunner.java:425)
	at org.testng.SuiteRunner.runSequentially(SuiteRunner.java:420)
	at org.testng.SuiteRunner.privateRun(SuiteRunner.java:385)
	at org.testng.SuiteRunner.run(SuiteRunner.java:334)
	at org.testng.SuiteRunnerWorker.runSuite(SuiteRunnerWorker.java:52)
	at org.testng.SuiteRunnerWorker.run(SuiteRunnerWorker.java:86)
	at org.testng.TestNG.runSuitesSequentially(TestNG.java:1318)
	at org.testng.TestNG.runSuitesLocally(TestNG.java:1243)
	at org.testng.TestNG.runSuites(TestNG.java:1161)
	at org.testng.TestNG.run(TestNG.java:1129)
	at org.testng.remote.AbstractRemoteTestNG.run(AbstractRemoteTestNG.java:114)
	at org.testng.remote.RemoteTestNG.initAndRun(RemoteTestNG.java:251)
	at org.testng.remote.RemoteTestNG.main(RemoteTestNG.java:77)
]]>
            </full-stacktrace>
          </exception> <!-- java.lang.IllegalStateException -->
          <reporter-output>
          </reporter-output>
        </test-method> <!-- smokeTestSuiteTMTPUnRegisteredUser -->
        <test-method status="SKIP" signature="getResult(org.testng.ITestResult)[pri:0, instance:TestSuites.TMTPSmoke@1ab06251]" name="getResult" is-config="true" duration-ms="0" started-at="2017-09-22T09:42:17Z" finished-at="2017-09-22T09:42:17Z">
          <reporter-output>
          </reporter-output>
        </test-method> <!-- getResult -->
      </class> <!-- TestSuites.TMTPSmoke -->
    </test> <!-- Default test -->
  </suite> <!-- Default suite -->
</testng-results>
