<?xml version="1.0" encoding="UTF-8"?>
<!-- Generated by org.testng.reporters.JUnitXMLReporter -->
<testsuite hostname="Vamsis-MacBook-Pro.local" ignored="9" name="Default test" tests="1" failures="0" timestamp="08 Sep 2017 18:59:36 GMT" time="87.672" errors="0">
  <testcase name="verifyLobbyLoginGotoMyApplicationsAndTMTP" time="42.079" classname="TestSuites.AddRemoveMember"/>
  <testcase name="captureScreenShot" time="0.0" classname="TestSuites.Register">
    <ignored/>
  </testcase> <!-- captureScreenShot -->
  <testcase name="tmtpJoin" time="0.0" classname="TestSuites.Register">
    <ignored/>
  </testcase> <!-- tmtpJoin -->
  <testcase name="tmtpRemoveFriend" time="0.0" classname="TestSuites.RemoveMember">
    <ignored/>
  </testcase> <!-- tmtpRemoveFriend -->
  <testcase name="verifyLobbyLoginGotoMyApplicationsAndTMTP" time="0.0" classname="TestSuites.FriendAndFamilyList">
    <ignored/>
  </testcase> <!-- verifyLobbyLoginGotoMyApplicationsAndTMTP -->
  <testcase name="tmtpAddFriend" time="0.0" classname="TestSuites.AddMember">
    <ignored/>
  </testcase> <!-- tmtpAddFriend -->
  <testcase name="verifyUserInformation" time="0.0" classname="TestSuites.VerifyElements">
    <ignored/>
  </testcase> <!-- verifyUserInformation -->
  <testcase name="verifyLobbyLoginGotoMyApplicationsAndTMTP" time="0.0" classname="TestSuites.LobbyLoginOnQPortfolio">
    <ignored/>
  </testcase> <!-- verifyLobbyLoginGotoMyApplicationsAndTMTP -->
  <testcase name="tmtpSignIn" time="0.0" classname="TestSuites.CaptureScreenshot">
    <ignored/>
  </testcase> <!-- tmtpSignIn -->
  <testcase name="verifyLogoutInformation" time="0.0" classname="TestSuites.VerifyLogout">
    <ignored/>
  </testcase> <!-- verifyLogoutInformation -->
</testsuite> <!-- Default test -->
