<?xml version="1.0" encoding="UTF-8"?>
<!-- Generated by org.testng.reporters.JUnitXMLReporter -->
<testsuite hostname="Vamsis-MacBook-Pro.local" ignored="11" name="Default test" tests="2" failures="1" timestamp="22 Sep 2017 19:32:06 GMT" time="133.986" errors="0">
  <testcase name="@AfterMethod getResult" time="0.001" classname="TestSuites.TMTPSmoke">
    <failure type="java.lang.NullPointerException">
      <![CDATA[java.lang.NullPointerException
	at Utilities.GetScreenShot.capture(GetScreenShot.java:28)
	at TestSuites.TMTPSmoke.getResult(TMTPSmoke.java:245)
	at sun.reflect.NativeMethodAccessorImpl.invoke0(Native Method)
	at sun.reflect.NativeMethodAccessorImpl.invoke(NativeMethodAccessorImpl.java:62)
	at sun.reflect.DelegatingMethodAccessorImpl.invoke(DelegatingMethodAccessorImpl.java:43)
	at java.lang.reflect.Method.invoke(Method.java:498)
	at org.testng.internal.MethodInvocationHelper.invokeMethod(MethodInvocationHelper.java:108)
	at org.testng.internal.Invoker.invokeConfigurationMethod(Invoker.java:523)
	at org.testng.internal.Invoker.invokeConfigurations(Invoker.java:224)
	at org.testng.internal.Invoker.invokeMethod(Invoker.java:731)
	at org.testng.internal.Invoker.invokeTestMethod(Invoker.java:877)
	at org.testng.internal.Invoker.invokeTestMethods(Invoker.java:1201)
	at org.testng.internal.TestMethodWorker.invokeTestMethods(TestMethodWorker.java:125)
	at org.testng.internal.TestMethodWorker.run(TestMethodWorker.java:109)
	at org.testng.TestRunner.privateRun(TestRunner.java:776)
	at org.testng.TestRunner.run(TestRunner.java:634)
	at org.testng.SuiteRunner.runTest(SuiteRunner.java:425)
	at org.testng.SuiteRunner.runSequentially(SuiteRunner.java:420)
	at org.testng.SuiteRunner.privateRun(SuiteRunner.java:385)
	at org.testng.SuiteRunner.run(SuiteRunner.java:334)
	at org.testng.SuiteRunnerWorker.runSuite(SuiteRunnerWorker.java:52)
	at org.testng.SuiteRunnerWorker.run(SuiteRunnerWorker.java:86)
	at org.testng.TestNG.runSuitesSequentially(TestNG.java:1318)
	at org.testng.TestNG.runSuitesLocally(TestNG.java:1243)
	at org.testng.TestNG.runSuites(TestNG.java:1161)
	at org.testng.TestNG.run(TestNG.java:1129)
	at org.testng.remote.AbstractRemoteTestNG.run(AbstractRemoteTestNG.java:114)
	at org.testng.remote.RemoteTestNG.initAndRun(RemoteTestNG.java:251)
	at org.testng.remote.RemoteTestNG.main(RemoteTestNG.java:77)
]]>
    </failure>
  </testcase> <!-- @AfterMethod getResult -->
  <testcase name="@AfterTest endReport" time="0.0" classname="TestSuites.TMTPSmoke">
    <failure type="java.lang.NullPointerException">
      <![CDATA[java.lang.NullPointerException
	at TestSuites.TMTPSmoke.endReport(TMTPSmoke.java:255)
	at sun.reflect.NativeMethodAccessorImpl.invoke0(Native Method)
	at sun.reflect.NativeMethodAccessorImpl.invoke(NativeMethodAccessorImpl.java:62)
	at sun.reflect.DelegatingMethodAccessorImpl.invoke(DelegatingMethodAccessorImpl.java:43)
	at java.lang.reflect.Method.invoke(Method.java:498)
	at org.testng.internal.MethodInvocationHelper.invokeMethod(MethodInvocationHelper.java:108)
	at org.testng.internal.Invoker.invokeConfigurationMethod(Invoker.java:523)
	at org.testng.internal.Invoker.invokeConfigurations(Invoker.java:224)
	at org.testng.internal.Invoker.invokeConfigurations(Invoker.java:146)
	at org.testng.TestRunner.afterRun(TestRunner.java:1007)
	at org.testng.TestRunner.run(TestRunner.java:638)
	at org.testng.SuiteRunner.runTest(SuiteRunner.java:425)
	at org.testng.SuiteRunner.runSequentially(SuiteRunner.java:420)
	at org.testng.SuiteRunner.privateRun(SuiteRunner.java:385)
	at org.testng.SuiteRunner.run(SuiteRunner.java:334)
	at org.testng.SuiteRunnerWorker.runSuite(SuiteRunnerWorker.java:52)
	at org.testng.SuiteRunnerWorker.run(SuiteRunnerWorker.java:86)
	at org.testng.TestNG.runSuitesSequentially(TestNG.java:1318)
	at org.testng.TestNG.runSuitesLocally(TestNG.java:1243)
	at org.testng.TestNG.runSuites(TestNG.java:1161)
	at org.testng.TestNG.run(TestNG.java:1129)
	at org.testng.remote.AbstractRemoteTestNG.run(AbstractRemoteTestNG.java:114)
	at org.testng.remote.RemoteTestNG.initAndRun(RemoteTestNG.java:251)
	at org.testng.remote.RemoteTestNG.main(RemoteTestNG.java:77)
]]>
    </failure>
  </testcase> <!-- @AfterTest endReport -->
  <testcase name="@AfterTest endReport" time="0.0" classname="TestSuites.VerifyElements">
    <skipped/>
  </testcase> <!-- @AfterTest endReport -->
  <testcase name="@AfterTest endReport" time="0.0" classname="TestSuites.VerifyLogout">
    <skipped/>
  </testcase> <!-- @AfterTest endReport -->
  <testcase name="icjApplicationLoginAndVerifyQuickSearch" time="73.288" classname="TestSuites.ICJQuickSearch"/>
  <testcase name="smokeTestSuiteTMTPUnRegisteredUser" time="0.001" classname="TestSuites.TMTPSmoke">
    <failure type="java.lang.NullPointerException">
      <![CDATA[java.lang.NullPointerException
	at TestSuites.TMTPSmoke.smokeTestSuiteTMTPUnRegisteredUser(TMTPSmoke.java:211)
	at sun.reflect.NativeMethodAccessorImpl.invoke0(Native Method)
	at sun.reflect.NativeMethodAccessorImpl.invoke(NativeMethodAccessorImpl.java:62)
	at sun.reflect.DelegatingMethodAccessorImpl.invoke(DelegatingMethodAccessorImpl.java:43)
	at java.lang.reflect.Method.invoke(Method.java:498)
	at org.testng.internal.MethodInvocationHelper.invokeMethod(MethodInvocationHelper.java:108)
	at org.testng.internal.Invoker.invokeMethod(Invoker.java:669)
	at org.testng.internal.Invoker.invokeTestMethod(Invoker.java:877)
	at org.testng.internal.Invoker.invokeTestMethods(Invoker.java:1201)
	at org.testng.internal.TestMethodWorker.invokeTestMethods(TestMethodWorker.java:125)
	at org.testng.internal.TestMethodWorker.run(TestMethodWorker.java:109)
	at org.testng.TestRunner.privateRun(TestRunner.java:776)
	at org.testng.TestRunner.run(TestRunner.java:634)
	at org.testng.SuiteRunner.runTest(SuiteRunner.java:425)
	at org.testng.SuiteRunner.runSequentially(SuiteRunner.java:420)
	at org.testng.SuiteRunner.privateRun(SuiteRunner.java:385)
	at org.testng.SuiteRunner.run(SuiteRunner.java:334)
	at org.testng.SuiteRunnerWorker.runSuite(SuiteRunnerWorker.java:52)
	at org.testng.SuiteRunnerWorker.run(SuiteRunnerWorker.java:86)
	at org.testng.TestNG.runSuitesSequentially(TestNG.java:1318)
	at org.testng.TestNG.runSuitesLocally(TestNG.java:1243)
	at org.testng.TestNG.runSuites(TestNG.java:1161)
	at org.testng.TestNG.run(TestNG.java:1129)
	at org.testng.remote.AbstractRemoteTestNG.run(AbstractRemoteTestNG.java:114)
	at org.testng.remote.RemoteTestNG.initAndRun(RemoteTestNG.java:251)
	at org.testng.remote.RemoteTestNG.main(RemoteTestNG.java:77)
]]>
    </failure>
  </testcase> <!-- smokeTestSuiteTMTPUnRegisteredUser -->
  <testcase name="testHeadlessBrowser" time="0.0" classname="TestSuites.HeadlessBrowser">
    <ignored/>
  </testcase> <!-- testHeadlessBrowser -->
  <testcase name="verifyAddAndRemoveMember" time="0.0" classname="TestSuites.AddRemoveMember">
    <ignored/>
  </testcase> <!-- verifyAddAndRemoveMember -->
  <testcase name="smokeTestSuiteTMTPRegisteredUser" time="0.0" classname="TestSuites.TMTPSmoke">
    <ignored/>
  </testcase> <!-- smokeTestSuiteTMTPRegisteredUser -->
  <testcase name="tmtpJoin" time="0.0" classname="TestSuites.Register">
    <ignored/>
  </testcase> <!-- tmtpJoin -->
  <testcase name="tmtpRemoveFriend" time="0.0" classname="TestSuites.RemoveMember">
    <ignored/>
  </testcase> <!-- tmtpRemoveFriend -->
  <testcase name="verifyLobbyLoginGotoMyApplicationsAndTMTP" time="0.0" classname="TestSuites.FriendAndFamilyList">
    <ignored/>
  </testcase> <!-- verifyLobbyLoginGotoMyApplicationsAndTMTP -->
  <testcase name="tmtpAddFriend" time="0.0" classname="TestSuites.AddMember">
    <ignored/>
  </testcase> <!-- tmtpAddFriend -->
  <testcase name="verifyUserInformation" time="0.0" classname="TestSuites.VerifyElements">
    <ignored/>
  </testcase> <!-- verifyUserInformation -->
  <testcase name="verifyLobbyLoginGotoMyApplicationsAndTMTP" time="0.0" classname="TestSuites.LobbyLoginOnQPortfolio">
    <ignored/>
  </testcase> <!-- verifyLobbyLoginGotoMyApplicationsAndTMTP -->
  <testcase name="tmtpSignIn" time="0.0" classname="TestSuites.CaptureScreenshot">
    <ignored/>
  </testcase> <!-- tmtpSignIn -->
  <testcase name="verifyLogoutInformation" time="0.0" classname="TestSuites.VerifyLogout">
    <ignored/>
  </testcase> <!-- verifyLogoutInformation -->
</testsuite> <!-- Default test -->
