<?xml version="1.0" encoding="UTF-8"?>
<!-- Generated by org.testng.reporters.JUnitXMLReporter -->
<testsuite hostname="Vamsis-MacBook-Pro.local" ignored="10" name="Default test" tests="1" failures="1" timestamp="18 Sep 2017 16:01:05 GMT" time="77.643" errors="0">
  <testcase name="icjApplicationLoginAndVerifyQuickSearch" time="21.965" classname="TestSuites.ICJQuickSearch">
    <failure type="org.openqa.selenium.NoSuchElementException" message="Unable to locate element: //*[@id=&amp;apos;flowContainer&amp;apos;]/article/div[3]/footer/div/div[2]/button
For documentation on this error, please visit: http://seleniumhq.org/exceptions/no_such_element.html
Build info: version: &amp;apos;3.4.0&amp;apos;, revision: &amp;apos;unknown&amp;apos;, time: &amp;apos;unknown&amp;apos;
System info: host: &amp;apos;Vamsis-MacBook-Pro.local&amp;apos;, ip: &amp;apos;fe80:0:0:0:145e:5718:5ea9:9a66%en0&amp;apos;, os.name: &amp;apos;Mac OS X&amp;apos;, os.arch: &amp;apos;x86_64&amp;apos;, os.version: &amp;apos;10.12.6&amp;apos;, java.version: &amp;apos;1.8.0_131&amp;apos;
Driver info: org.openqa.selenium.firefox.FirefoxDriver
Capabilities [{rotatable=false, raisesAccessibilityExceptions=false, appBuildId=20160303134406, version=45.0, platform=MAC, proxy=Proxy(), specificationLevel=1, acceptSslCerts=false, browserVersion=45.0, platformVersion=16.7.0, XULappId={ec8030f7-c20a-464f-9b0e-13a3a9e97384}, browserName=Firefox, takesScreenshot=true, takesElementScreenshot=true, javascriptEnabled=true, platformName=Darwin, device=desktop}]
Session ID: df28cab8-be89-a840-ac9a-04e1cd9b9272
*** Element info: {Using=xpath, value=//*[@id=&amp;apos;flowContainer&amp;apos;]/article/div[3]/footer/div/div[2]/button}">
      <![CDATA[org.openqa.selenium.NoSuchElementException: Unable to locate element: //*[@id='flowContainer']/article/div[3]/footer/div/div[2]/button
For documentation on this error, please visit: http://seleniumhq.org/exceptions/no_such_element.html
Build info: version: '3.4.0', revision: 'unknown', time: 'unknown'
System info: host: 'Vamsis-MacBook-Pro.local', ip: 'fe80:0:0:0:145e:5718:5ea9:9a66%en0', os.name: 'Mac OS X', os.arch: 'x86_64', os.version: '10.12.6', java.version: '1.8.0_131'
Driver info: org.openqa.selenium.firefox.FirefoxDriver
Capabilities [{rotatable=false, raisesAccessibilityExceptions=false, appBuildId=20160303134406, version=45.0, platform=MAC, proxy=Proxy(), specificationLevel=1, acceptSslCerts=false, browserVersion=45.0, platformVersion=16.7.0, XULappId={ec8030f7-c20a-464f-9b0e-13a3a9e97384}, browserName=Firefox, takesScreenshot=true, takesElementScreenshot=true, javascriptEnabled=true, platformName=Darwin, device=desktop}]
Session ID: df28cab8-be89-a840-ac9a-04e1cd9b9272
*** Element info: {Using=xpath, value=//*[@id='flowContainer']/article/div[3]/footer/div/div[2]/button}
	at sun.reflect.NativeConstructorAccessorImpl.newInstance0(Native Method)
	at sun.reflect.NativeConstructorAccessorImpl.newInstance(NativeConstructorAccessorImpl.java:62)
	at sun.reflect.DelegatingConstructorAccessorImpl.newInstance(DelegatingConstructorAccessorImpl.java:45)
	at java.lang.reflect.Constructor.newInstance(Constructor.java:423)
	at org.openqa.selenium.remote.http.W3CHttpResponseCodec.createException(W3CHttpResponseCodec.java:150)
	at org.openqa.selenium.remote.http.W3CHttpResponseCodec.decode(W3CHttpResponseCodec.java:115)
	at org.openqa.selenium.remote.http.W3CHttpResponseCodec.decode(W3CHttpResponseCodec.java:45)
	at org.openqa.selenium.remote.HttpCommandExecutor.execute(HttpCommandExecutor.java:164)
	at org.openqa.selenium.remote.service.DriverCommandExecutor.execute(DriverCommandExecutor.java:82)
	at org.openqa.selenium.remote.RemoteWebDriver.execute(RemoteWebDriver.java:637)
	at org.openqa.selenium.remote.RemoteWebDriver.findElement(RemoteWebDriver.java:410)
	at org.openqa.selenium.remote.RemoteWebDriver.findElementByXPath(RemoteWebDriver.java:509)
	at org.openqa.selenium.By$ByXPath.findElement(By.java:361)
	at org.openqa.selenium.remote.RemoteWebDriver.findElement(RemoteWebDriver.java:402)
	at ObjectRepository.ICJApplication.getLocationNextElement(ICJApplication.java:40)
	at TestSuites.ICJQuickSearch.icjApplicationLoginAndVerifyQuickSearch(ICJQuickSearch.java:105)
	at sun.reflect.NativeMethodAccessorImpl.invoke0(Native Method)
	at sun.reflect.NativeMethodAccessorImpl.invoke(NativeMethodAccessorImpl.java:62)
	at sun.reflect.DelegatingMethodAccessorImpl.invoke(DelegatingMethodAccessorImpl.java:43)
	at java.lang.reflect.Method.invoke(Method.java:498)
	at org.testng.internal.MethodInvocationHelper.invokeMethod(MethodInvocationHelper.java:108)
	at org.testng.internal.Invoker.invokeMethod(Invoker.java:669)
	at org.testng.internal.Invoker.invokeTestMethod(Invoker.java:877)
	at org.testng.internal.Invoker.invokeTestMethods(Invoker.java:1201)
	at org.testng.internal.TestMethodWorker.invokeTestMethods(TestMethodWorker.java:125)
	at org.testng.internal.TestMethodWorker.run(TestMethodWorker.java:109)
	at org.testng.TestRunner.privateRun(TestRunner.java:776)
	at org.testng.TestRunner.run(TestRunner.java:634)
	at org.testng.SuiteRunner.runTest(SuiteRunner.java:425)
	at org.testng.SuiteRunner.runSequentially(SuiteRunner.java:420)
	at org.testng.SuiteRunner.privateRun(SuiteRunner.java:385)
	at org.testng.SuiteRunner.run(SuiteRunner.java:334)
	at org.testng.SuiteRunnerWorker.runSuite(SuiteRunnerWorker.java:52)
	at org.testng.SuiteRunnerWorker.run(SuiteRunnerWorker.java:86)
	at org.testng.TestNG.runSuitesSequentially(TestNG.java:1318)
	at org.testng.TestNG.runSuitesLocally(TestNG.java:1243)
	at org.testng.TestNG.runSuites(TestNG.java:1161)
	at org.testng.TestNG.run(TestNG.java:1129)
	at org.testng.remote.AbstractRemoteTestNG.run(AbstractRemoteTestNG.java:114)
	at org.testng.remote.RemoteTestNG.initAndRun(RemoteTestNG.java:251)
	at org.testng.remote.RemoteTestNG.main(RemoteTestNG.java:77)
]]>
    </failure>
  </testcase> <!-- icjApplicationLoginAndVerifyQuickSearch -->
  <testcase name="testHeadlessBrowser" time="0.0" classname="TestSuites.HeadlessBrowser">
    <ignored/>
  </testcase> <!-- testHeadlessBrowser -->
  <testcase name="verifyAddAndRemoveMember" time="0.0" classname="TestSuites.AddRemoveMember">
    <ignored/>
  </testcase> <!-- verifyAddAndRemoveMember -->
  <testcase name="tmtpJoin" time="0.0" classname="TestSuites.Register">
    <ignored/>
  </testcase> <!-- tmtpJoin -->
  <testcase name="tmtpRemoveFriend" time="0.0" classname="TestSuites.RemoveMember">
    <ignored/>
  </testcase> <!-- tmtpRemoveFriend -->
  <testcase name="verifyLobbyLoginGotoMyApplicationsAndTMTP" time="0.0" classname="TestSuites.FriendAndFamilyList">
    <ignored/>
  </testcase> <!-- verifyLobbyLoginGotoMyApplicationsAndTMTP -->
  <testcase name="tmtpAddFriend" time="0.0" classname="TestSuites.AddMember">
    <ignored/>
  </testcase> <!-- tmtpAddFriend -->
  <testcase name="verifyUserInformation" time="0.0" classname="TestSuites.VerifyElements">
    <ignored/>
  </testcase> <!-- verifyUserInformation -->
  <testcase name="verifyLobbyLoginGotoMyApplicationsAndTMTP" time="0.0" classname="TestSuites.LobbyLoginOnQPortfolio">
    <ignored/>
  </testcase> <!-- verifyLobbyLoginGotoMyApplicationsAndTMTP -->
  <testcase name="tmtpSignIn" time="0.0" classname="TestSuites.CaptureScreenshot">
    <ignored/>
  </testcase> <!-- tmtpSignIn -->
  <testcase name="verifyLogoutInformation" time="0.0" classname="TestSuites.VerifyLogout">
    <ignored/>
  </testcase> <!-- verifyLogoutInformation -->
</testsuite> <!-- Default test -->
